2024-12-08 03:39:26,577 - ModelTrainer - INFO - Initialized ModelTrainer with 100 trials and 15 workers
2024-12-08 03:39:26,577 - ModelTrainer - INFO - Starting overnight training pipeline...
2024-12-08 03:39:26,578 - ModelTrainer - INFO - Loading data...
2024-12-08 03:39:27,059 - ModelTrainer - INFO - Data loaded in 0.48 seconds
2024-12-08 03:39:27,060 - ModelTrainer - INFO - Train shape: (2431886, 20)
2024-12-08 03:39:27,060 - ModelTrainer - INFO - Valid shape: (256128, 20)
2024-12-08 03:39:27,060 - ModelTrainer - INFO - Test shape: (256157, 20)
2024-12-08 03:39:27,060 - ModelTrainer - INFO - Features: ['hour', 'day_of_week', 'month', 'is_weekend', 'temperature_2m', 'relative_humidity_2m', 'wind_speed_10m', 'building_class_encoded', 'cluster_size', 'demand_lag_24h', 'demand_lag_168h', 'demand_rolling_mean_24h']
2024-12-08 03:39:27,149 - ModelTrainer - INFO - 
Optimizing lightgbm...
2024-12-08 03:39:27,210 - ModelTrainer - INFO - Restored 0 trials for lightgbm
2024-12-08 03:39:27,260 - ModelTrainer - INFO - Current memory usage: 951.93 MB
2024-12-08 03:41:01,345 - ModelTrainer - DEBUG - LightGBM trial 5: score=201.4181, time=93.68s, params={'objective': 'regression', 'metric': 'mae', 'boosting_type': 'gbdt', 'num_leaves': 20, 'learning_rate': 0.02455089288347985, 'feature_fraction': 0.7234896757826227, 'bagging_fraction': 0.6226079985105784, 'min_child_samples': 23, 'reg_alpha': 1.116478595150346e-05, 'reg_lambda': 8.210888939606201e-08}
2024-12-08 03:41:10,202 - ModelTrainer - DEBUG - LightGBM trial 9: score=211.7629, time=102.15s, params={'objective': 'regression', 'metric': 'mae', 'boosting_type': 'gbdt', 'num_leaves': 23, 'learning_rate': 0.02144734121305562, 'feature_fraction': 0.6326037489338562, 'bagging_fraction': 0.6324423306206574, 'min_child_samples': 25, 'reg_alpha': 1.1064133084299202e-05, 'reg_lambda': 0.6414108366468803}
2024-12-08 03:41:21,591 - ModelTrainer - DEBUG - LightGBM trial 14: score=226.8013, time=112.87s, params={'objective': 'regression', 'metric': 'mae', 'boosting_type': 'gbdt', 'num_leaves': 26, 'learning_rate': 0.017062627250443996, 'feature_fraction': 0.603939295903046, 'bagging_fraction': 0.6077295645563351, 'min_child_samples': 32, 'reg_alpha': 0.12295084385958024, 'reg_lambda': 8.358821168635547e-08}
2024-12-08 03:41:35,142 - ModelTrainer - DEBUG - LightGBM trial 8: score=244.1954, time=127.10s, params={'objective': 'regression', 'metric': 'mae', 'boosting_type': 'gbdt', 'num_leaves': 35, 'learning_rate': 0.012428736455942663, 'feature_fraction': 0.7843188690101952, 'bagging_fraction': 0.761517582079081, 'min_child_samples': 25, 'reg_alpha': 3.828516537256535e-06, 'reg_lambda': 6.359135482325087e-05}
2024-12-08 03:41:58,119 - ModelTrainer - DEBUG - LightGBM trial 11: score=184.7236, time=149.70s, params={'objective': 'regression', 'metric': 'mae', 'boosting_type': 'gbdt', 'num_leaves': 50, 'learning_rate': 0.08310211785182574, 'feature_fraction': 0.75689566905471, 'bagging_fraction': 0.9453763397729456, 'min_child_samples': 48, 'reg_alpha': 9.699907262178921e-05, 'reg_lambda': 4.2175508591260836e-08}
2024-12-08 03:42:05,827 - ModelTrainer - DEBUG - LightGBM trial 6: score=183.3131, time=158.02s, params={'objective': 'regression', 'metric': 'mae', 'boosting_type': 'gbdt', 'num_leaves': 59, 'learning_rate': 0.09762234647167554, 'feature_fraction': 0.7905070629562925, 'bagging_fraction': 0.8183727878156525, 'min_child_samples': 34, 'reg_alpha': 0.003864761199901412, 'reg_lambda': 0.8157359493849288}
2024-12-08 03:42:09,253 - ModelTrainer - DEBUG - LightGBM trial 12: score=185.1541, time=160.75s, params={'objective': 'regression', 'metric': 'mae', 'boosting_type': 'gbdt', 'num_leaves': 58, 'learning_rate': 0.09121540435837885, 'feature_fraction': 0.7358824825866177, 'bagging_fraction': 0.9018757250064864, 'min_child_samples': 43, 'reg_alpha': 0.025591455357849152, 'reg_lambda': 3.9580253834180306e-06}
2024-12-08 03:42:10,155 - ModelTrainer - DEBUG - LightGBM trial 0: score=187.8037, time=162.89s, params={'objective': 'regression', 'metric': 'mae', 'boosting_type': 'gbdt', 'num_leaves': 56, 'learning_rate': 0.03390690702447437, 'feature_fraction': 0.820993120970346, 'bagging_fraction': 0.838758798832496, 'min_child_samples': 42, 'reg_alpha': 0.10792120878148091, 'reg_lambda': 1.7082284030324274e-07}
2024-12-08 03:42:27,899 - ModelTrainer - DEBUG - LightGBM trial 4: score=181.8198, time=180.32s, params={'objective': 'regression', 'metric': 'mae', 'boosting_type': 'gbdt', 'num_leaves': 69, 'learning_rate': 0.04723119009881658, 'feature_fraction': 0.8853173467086116, 'bagging_fraction': 0.9760410891399623, 'min_child_samples': 12, 'reg_alpha': 0.0029107883813340634, 'reg_lambda': 0.2973151358900883}
2024-12-08 03:42:30,215 - ModelTrainer - DEBUG - LightGBM trial 3: score=237.7162, time=182.81s, params={'objective': 'regression', 'metric': 'mae', 'boosting_type': 'gbdt', 'num_leaves': 69, 'learning_rate': 0.01333980748194144, 'feature_fraction': 0.7756562483796339, 'bagging_fraction': 0.9973455595293269, 'min_child_samples': 46, 'reg_alpha': 3.5452346702530365e-05, 'reg_lambda': 1.2579423300520056}
2024-12-08 03:42:41,885 - ModelTrainer - DEBUG - LightGBM trial 10: score=264.7174, time=193.68s, params={'objective': 'regression', 'metric': 'mae', 'boosting_type': 'gbdt', 'num_leaves': 76, 'learning_rate': 0.010144370929137905, 'feature_fraction': 0.6906498922248095, 'bagging_fraction': 0.9445857456422482, 'min_child_samples': 38, 'reg_alpha': 6.369241593773423e-05, 'reg_lambda': 0.5670962703319494}
2024-12-08 03:42:46,099 - ModelTrainer - DEBUG - LightGBM trial 13: score=248.5253, time=197.45s, params={'objective': 'regression', 'metric': 'mae', 'boosting_type': 'gbdt', 'num_leaves': 75, 'learning_rate': 0.011727956264671475, 'feature_fraction': 0.8212471792473793, 'bagging_fraction': 0.6690521263791602, 'min_child_samples': 15, 'reg_alpha': 0.027480850919304658, 'reg_lambda': 2.6332154840185904}
2024-12-08 03:43:01,478 - ModelTrainer - DEBUG - LightGBM trial 7: score=189.3084, time=213.57s, params={'objective': 'regression', 'metric': 'mae', 'boosting_type': 'gbdt', 'num_leaves': 85, 'learning_rate': 0.029046922273069906, 'feature_fraction': 0.8650906807111481, 'bagging_fraction': 0.835912422974028, 'min_child_samples': 32, 'reg_alpha': 3.1714357136526328, 'reg_lambda': 0.2326306197268467}
2024-12-08 03:43:01,573 - ModelTrainer - DEBUG - LightGBM trial 2: score=186.6615, time=214.22s, params={'objective': 'regression', 'metric': 'mae', 'boosting_type': 'gbdt', 'num_leaves': 88, 'learning_rate': 0.05681811599943165, 'feature_fraction': 0.7041512667637755, 'bagging_fraction': 0.9834208887931409, 'min_child_samples': 30, 'reg_alpha': 0.06435632491550458, 'reg_lambda': 0.007973394308120121}
2024-12-08 03:43:14,557 - ModelTrainer - DEBUG - LightGBM trial 1: score=212.1203, time=227.21s, params={'objective': 'regression', 'metric': 'mae', 'boosting_type': 'gbdt', 'num_leaves': 96, 'learning_rate': 0.01825314247025681, 'feature_fraction': 0.9163713944220941, 'bagging_fraction': 0.9800285006305713, 'min_child_samples': 20, 'reg_alpha': 2.448294886815311, 'reg_lambda': 6.643351762407199e-07}
2024-12-08 03:43:28,346 - ModelTrainer - DEBUG - LightGBM trial 15: score=183.7246, time=146.92s, params={'objective': 'regression', 'metric': 'mae', 'boosting_type': 'gbdt', 'num_leaves': 57, 'learning_rate': 0.07156414496583285, 'feature_fraction': 0.7964288586135099, 'bagging_fraction': 0.7769590423445334, 'min_child_samples': 22, 'reg_alpha': 0.0004707240325789288, 'reg_lambda': 0.020774018384582073}
2024-12-08 03:43:50,395 - ModelTrainer - DEBUG - LightGBM trial 20: score=199.6145, time=104.53s, params={'objective': 'regression', 'metric': 'mae', 'boosting_type': 'gbdt', 'num_leaves': 31, 'learning_rate': 0.022592069968837652, 'feature_fraction': 0.9856554856264903, 'bagging_fraction': 0.8083806055868747, 'min_child_samples': 21, 'reg_alpha': 2.208573924560782e-08, 'reg_lambda': 0.0018728636917115526}
2024-12-08 03:44:13,341 - ModelTrainer - DEBUG - LightGBM trial 16: score=187.8008, time=182.78s, params={'objective': 'regression', 'metric': 'mae', 'boosting_type': 'gbdt', 'num_leaves': 83, 'learning_rate': 0.05174170388642379, 'feature_fraction': 0.6571484047078103, 'bagging_fraction': 0.7445023658288602, 'min_child_samples': 16, 'reg_alpha': 4.3282020225655704e-07, 'reg_lambda': 0.10909267437314071}
2024-12-08 03:44:17,044 - ModelTrainer - DEBUG - LightGBM trial 17: score=192.3077, time=175.35s, params={'objective': 'regression', 'metric': 'mae', 'boosting_type': 'gbdt', 'num_leaves': 65, 'learning_rate': 0.04953517098210274, 'feature_fraction': 0.612690931564625, 'bagging_fraction': 0.7140890649396435, 'min_child_samples': 24, 'reg_alpha': 2.445091627831765e-07, 'reg_lambda': 0.20365680325234187}
2024-12-08 03:44:26,613 - ModelTrainer - DEBUG - LightGBM trial 21: score=210.3871, time=137.31s, params={'objective': 'regression', 'metric': 'mae', 'boosting_type': 'gbdt', 'num_leaves': 49, 'learning_rate': 0.019397193849261883, 'feature_fraction': 0.7981826855485049, 'bagging_fraction': 0.9685985513582163, 'min_child_samples': 15, 'reg_alpha': 0.0044670464623085375, 'reg_lambda': 2.5442453298946652e-05}
2024-12-08 03:44:36,717 - ModelTrainer - DEBUG - LightGBM trial 19: score=213.4386, time=158.51s, params={'objective': 'regression', 'metric': 'mae', 'boosting_type': 'gbdt', 'num_leaves': 63, 'learning_rate': 0.01968526104792474, 'feature_fraction': 0.719280469132074, 'bagging_fraction': 0.6908747915726515, 'min_child_samples': 18, 'reg_alpha': 0.0001476976186572717, 'reg_lambda': 0.007003258017888485}
2024-12-08 03:44:45,792 - ModelTrainer - DEBUG - LightGBM trial 18: score=188.5716, time=190.50s, params={'objective': 'regression', 'metric': 'mae', 'boosting_type': 'gbdt', 'num_leaves': 83, 'learning_rate': 0.04466571698347713, 'feature_fraction': 0.7249151236239151, 'bagging_fraction': 0.943935882209506, 'min_child_samples': 13, 'reg_alpha': 0.484090557704991, 'reg_lambda': 9.370202455018457e-07}
2024-12-08 03:45:21,413 - ModelTrainer - DEBUG - LightGBM trial 23: score=181.1605, time=173.43s, params={'objective': 'regression', 'metric': 'mae', 'boosting_type': 'gbdt', 'num_leaves': 77, 'learning_rate': 0.08982564824696222, 'feature_fraction': 0.9418490724192986, 'bagging_fraction': 0.8901614750672348, 'min_child_samples': 14, 'reg_alpha': 3.6286276348918892e-06, 'reg_lambda': 0.011028178613229625}
2024-12-08 03:45:24,756 - ModelTrainer - DEBUG - LightGBM trial 29: score=180.9331, time=129.83s, params={'objective': 'regression', 'metric': 'mae', 'boosting_type': 'gbdt', 'num_leaves': 43, 'learning_rate': 0.045980617490150394, 'feature_fraction': 0.963307770749835, 'bagging_fraction': 0.7514284006829071, 'min_child_samples': 11, 'reg_alpha': 1.6077269575756583e-08, 'reg_lambda': 0.013637086842661966}
2024-12-08 03:45:41,688 - ModelTrainer - DEBUG - LightGBM trial 22: score=259.3604, time=211.40s, params={'objective': 'regression', 'metric': 'mae', 'boosting_type': 'gbdt', 'num_leaves': 92, 'learning_rate': 0.010908988964172778, 'feature_fraction': 0.7400235896218944, 'bagging_fraction': 0.9561901840671916, 'min_child_samples': 50, 'reg_alpha': 1.340116990539979e-07, 'reg_lambda': 0.17796825419726187}
2024-12-08 03:45:45,046 - ModelTrainer - DEBUG - LightGBM trial 30: score=180.7333, time=136.62s, params={'objective': 'regression', 'metric': 'mae', 'boosting_type': 'gbdt', 'num_leaves': 46, 'learning_rate': 0.04722190590517991, 'feature_fraction': 0.9848483878116675, 'bagging_fraction': 0.7337413297222253, 'min_child_samples': 11, 'reg_alpha': 1.278666207571917e-08, 'reg_lambda': 0.0029559476454569184}
2024-12-08 03:45:58,701 - ModelTrainer - DEBUG - LightGBM trial 24: score=180.2895, time=208.34s, params={'objective': 'regression', 'metric': 'mae', 'boosting_type': 'gbdt', 'num_leaves': 97, 'learning_rate': 0.04721540937825709, 'feature_fraction': 0.9674918413302039, 'bagging_fraction': 0.7248669510041286, 'min_child_samples': 11, 'reg_alpha': 8.838140626656367e-08, 'reg_lambda': 0.016203418002702315}
2024-12-08 03:46:05,416 - ModelTrainer - DEBUG - LightGBM trial 25: score=180.0214, time=203.13s, params={'objective': 'regression', 'metric': 'mae', 'boosting_type': 'gbdt', 'num_leaves': 100, 'learning_rate': 0.05101811449537963, 'feature_fraction': 0.958309695065048, 'bagging_fraction': 0.7434673888213852, 'min_child_samples': 10, 'reg_alpha': 0.003049485418672098, 'reg_lambda': 0.012977968853401635}
2024-12-08 03:46:08,328 - ModelTrainer - DEBUG - LightGBM trial 31: score=182.9117, time=137.83s, params={'objective': 'regression', 'metric': 'mae', 'boosting_type': 'gbdt', 'num_leaves': 46, 'learning_rate': 0.04462250646135708, 'feature_fraction': 0.881752399064449, 'bagging_fraction': 0.690553141853592, 'min_child_samples': 10, 'reg_alpha': 0.0014502753364933146, 'reg_lambda': 0.06456680814628805}
2024-12-08 03:46:21,657 - ModelTrainer - DEBUG - LightGBM trial 26: score=181.4540, time=215.49s, params={'objective': 'regression', 'metric': 'mae', 'boosting_type': 'gbdt', 'num_leaves': 99, 'learning_rate': 0.052823207080739086, 'feature_fraction': 0.9355436130484913, 'bagging_fraction': 0.7646928404162684, 'min_child_samples': 11, 'reg_alpha': 2.314446512335842e-08, 'reg_lambda': 0.0144768153773991}
2024-12-08 03:46:30,975 - ModelTrainer - DEBUG - LightGBM trial 32: score=183.0883, time=137.44s, params={'objective': 'regression', 'metric': 'mae', 'boosting_type': 'gbdt', 'num_leaves': 44, 'learning_rate': 0.04396906117924853, 'feature_fraction': 0.902149803169101, 'bagging_fraction': 0.9065931599410386, 'min_child_samples': 10, 'reg_alpha': 0.0014085632004931959, 'reg_lambda': 9.360028105428935}
2024-12-08 03:46:37,879 - ModelTrainer - DEBUG - LightGBM trial 34: score=183.3907, time=131.14s, params={'objective': 'regression', 'metric': 'mae', 'boosting_type': 'gbdt', 'num_leaves': 41, 'learning_rate': 0.039434200398029244, 'feature_fraction': 0.8923562133334413, 'bagging_fraction': 0.8883217797279246, 'min_child_samples': 11, 'reg_alpha': 0.0030437064521910413, 'reg_lambda': 6.250459826236918}
2024-12-08 03:46:39,282 - ModelTrainer - DEBUG - LightGBM trial 33: score=185.0648, time=141.77s, params={'objective': 'regression', 'metric': 'mae', 'boosting_type': 'gbdt', 'num_leaves': 44, 'learning_rate': 0.0356150128775959, 'feature_fraction': 0.8714628967307968, 'bagging_fraction': 0.8840938557534433, 'min_child_samples': 11, 'reg_alpha': 0.0010263077352073682, 'reg_lambda': 6.1847538472493735}
2024-12-08 03:46:45,369 - ModelTrainer - DEBUG - LightGBM trial 28: score=182.1686, time=223.63s, params={'objective': 'regression', 'metric': 'mae', 'boosting_type': 'gbdt', 'num_leaves': 98, 'learning_rate': 0.04697717458353529, 'feature_fraction': 0.9303137716895948, 'bagging_fraction': 0.7466128306649864, 'min_child_samples': 10, 'reg_alpha': 1.1238565214227206e-08, 'reg_lambda': 0.00798446256207814}
2024-12-08 03:46:48,823 - ModelTrainer - DEBUG - LightGBM trial 35: score=182.1649, time=131.99s, params={'objective': 'regression', 'metric': 'mae', 'boosting_type': 'gbdt', 'num_leaves': 42, 'learning_rate': 0.06978815115489388, 'feature_fraction': 0.8777890594378579, 'bagging_fraction': 0.8860365469714264, 'min_child_samples': 10, 'reg_alpha': 0.001756937976369032, 'reg_lambda': 8.716390165087175}
2024-12-08 03:46:48,941 - ModelTrainer - DEBUG - LightGBM trial 27: score=180.0642, time=227.36s, params={'objective': 'regression', 'metric': 'mae', 'boosting_type': 'gbdt', 'num_leaves': 98, 'learning_rate': 0.05378093335400508, 'feature_fraction': 0.9734043179055121, 'bagging_fraction': 0.7497959052423342, 'min_child_samples': 13, 'reg_alpha': 8.625193397942353e-08, 'reg_lambda': 0.00880944691180625}
2024-12-08 03:47:04,954 - ModelTrainer - DEBUG - LightGBM trial 36: score=181.4507, time=139.12s, params={'objective': 'regression', 'metric': 'mae', 'boosting_type': 'gbdt', 'num_leaves': 44, 'learning_rate': 0.07033564895928832, 'feature_fraction': 0.8704237979038337, 'bagging_fraction': 0.8857583177978132, 'min_child_samples': 11, 'reg_alpha': 0.0015844269794654548, 'reg_lambda': 0.02168869034852165}
2024-12-08 03:47:36,388 - ModelTrainer - DEBUG - LightGBM trial 38: score=182.6463, time=131.47s, params={'objective': 'regression', 'metric': 'mae', 'boosting_type': 'gbdt', 'num_leaves': 41, 'learning_rate': 0.03930430863887616, 'feature_fraction': 0.9759937793096365, 'bagging_fraction': 0.8921705297582816, 'min_child_samples': 11, 'reg_alpha': 1.7876230083190515e-08, 'reg_lambda': 0.0008000983485616473}
2024-12-08 03:47:49,023 - ModelTrainer - DEBUG - LightGBM trial 39: score=179.9029, time=127.22s, params={'objective': 'regression', 'metric': 'mae', 'boosting_type': 'gbdt', 'num_leaves': 41, 'learning_rate': 0.06709452303564496, 'feature_fraction': 0.9699612221655779, 'bagging_fraction': 0.8848482708289223, 'min_child_samples': 10, 'reg_alpha': 1.3327785234371798e-08, 'reg_lambda': 0.0006355427039566796}
2024-12-08 03:47:52,487 - ModelTrainer - DEBUG - LightGBM trial 40: score=179.8469, time=127.37s, params={'objective': 'regression', 'metric': 'mae', 'boosting_type': 'gbdt', 'num_leaves': 41, 'learning_rate': 0.064708542212661, 'feature_fraction': 0.9932461759279448, 'bagging_fraction': 0.8876035018033287, 'min_child_samples': 10, 'reg_alpha': 1.875048747782053e-08, 'reg_lambda': 0.0006061185917600577}
2024-12-08 03:48:08,456 - ModelTrainer - DEBUG - LightGBM trial 41: score=182.9172, time=129.58s, params={'objective': 'regression', 'metric': 'mae', 'boosting_type': 'gbdt', 'num_leaves': 43, 'learning_rate': 0.03769099016295281, 'feature_fraction': 0.9978196103308076, 'bagging_fraction': 0.7187446344230929, 'min_child_samples': 10, 'reg_alpha': 1.0305710761958763e-08, 'reg_lambda': 0.0007097800487103165}
2024-12-08 03:48:18,169 - ModelTrainer - DEBUG - LightGBM trial 37: score=180.6445, time=176.62s, params={'objective': 'regression', 'metric': 'mae', 'boosting_type': 'gbdt', 'num_leaves': 73, 'learning_rate': 0.067970311708857, 'feature_fraction': 0.925752585706683, 'bagging_fraction': 0.886719820827424, 'min_child_samples': 12, 'reg_alpha': 0.0013363972324482237, 'reg_lambda': 8.880367596511794}
2024-12-08 03:48:30,040 - ModelTrainer - DEBUG - LightGBM trial 45: score=183.8332, time=118.94s, params={'objective': 'regression', 'metric': 'mae', 'boosting_type': 'gbdt', 'num_leaves': 40, 'learning_rate': 0.03634094247748155, 'feature_fraction': 0.9998367834988879, 'bagging_fraction': 0.7292898116986185, 'min_child_samples': 18, 'reg_alpha': 6.842252427241017e-08, 'reg_lambda': 0.0009756419868993466}
2024-12-08 03:49:21,364 - ModelTrainer - DEBUG - LightGBM trial 42: score=183.1045, time=195.85s, params={'objective': 'regression', 'metric': 'mae', 'boosting_type': 'gbdt', 'num_leaves': 100, 'learning_rate': 0.035871935037776866, 'feature_fraction': 0.9905054306131412, 'bagging_fraction': 0.7209697236173536, 'min_child_samples': 10, 'reg_alpha': 4.571074900828273e-08, 'reg_lambda': 0.0006954002490515906}
2024-12-08 03:49:27,554 - ModelTrainer - DEBUG - LightGBM trial 43: score=182.7805, time=199.10s, params={'objective': 'regression', 'metric': 'mae', 'boosting_type': 'gbdt', 'num_leaves': 100, 'learning_rate': 0.03658849136158563, 'feature_fraction': 0.9944495283332718, 'bagging_fraction': 0.72074085827771, 'min_child_samples': 18, 'reg_alpha': 5.5567964708566784e-08, 'reg_lambda': 9.921835448751663}
2024-12-08 03:49:41,770 - ModelTrainer - DEBUG - LightGBM trial 44: score=182.5741, time=200.00s, params={'objective': 'regression', 'metric': 'mae', 'boosting_type': 'gbdt', 'num_leaves': 99, 'learning_rate': 0.03719608232223837, 'feature_fraction': 0.9990213767682662, 'bagging_fraction': 0.7251517196286672, 'min_child_samples': 17, 'reg_alpha': 7.820645987888052e-07, 'reg_lambda': 0.0007342372528370795}
2024-12-08 03:49:46,090 - ModelTrainer - DEBUG - LightGBM trial 47: score=179.8284, time=186.66s, params={'objective': 'regression', 'metric': 'mae', 'boosting_type': 'gbdt', 'num_leaves': 95, 'learning_rate': 0.06397396291470078, 'feature_fraction': 0.9811866302543627, 'bagging_fraction': 0.7201196388798278, 'min_child_samples': 18, 'reg_alpha': 1.2176581720756012e-08, 'reg_lambda': 0.001679499894070681}
2024-12-08 03:49:51,171 - ModelTrainer - DEBUG - LightGBM trial 49: score=179.8263, time=182.07s, params={'objective': 'regression', 'metric': 'mae', 'boosting_type': 'gbdt', 'num_leaves': 89, 'learning_rate': 0.0604955701523486, 'feature_fraction': 0.9945772186699455, 'bagging_fraction': 0.7225078846330534, 'min_child_samples': 18, 'reg_alpha': 1.0232027588370645e-07, 'reg_lambda': 0.0008503930496373363}
2024-12-08 03:49:52,325 - ModelTrainer - DEBUG - LightGBM trial 48: score=179.7405, time=186.69s, params={'objective': 'regression', 'metric': 'mae', 'boosting_type': 'gbdt', 'num_leaves': 93, 'learning_rate': 0.06408145977551655, 'feature_fraction': 0.9998575099462644, 'bagging_fraction': 0.724990930137199, 'min_child_samples': 16, 'reg_alpha': 9.741052992728857e-08, 'reg_lambda': 0.0006218188619511259}
2024-12-08 03:49:53,834 - ModelTrainer - DEBUG - LightGBM trial 46: score=179.7530, time=195.81s, params={'objective': 'regression', 'metric': 'mae', 'boosting_type': 'gbdt', 'num_leaves': 100, 'learning_rate': 0.06435498423355931, 'feature_fraction': 0.9865550909043856, 'bagging_fraction': 0.7179490771832812, 'min_child_samples': 18, 'reg_alpha': 1.0864170672133058e-08, 'reg_lambda': 0.001658091753498025}
2024-12-08 03:49:55,367 - ModelTrainer - DEBUG - LightGBM trial 50: score=179.5983, time=186.26s, params={'objective': 'regression', 'metric': 'mae', 'boosting_type': 'gbdt', 'num_leaves': 92, 'learning_rate': 0.06162023631249399, 'feature_fraction': 0.995644509878854, 'bagging_fraction': 0.7250939446552405, 'min_child_samples': 17, 'reg_alpha': 1.1304826465716285e-07, 'reg_lambda': 0.0008759130229201896}
2024-12-08 03:50:04,266 - ModelTrainer - DEBUG - LightGBM trial 51: score=179.7678, time=179.20s, params={'objective': 'regression', 'metric': 'mae', 'boosting_type': 'gbdt', 'num_leaves': 93, 'learning_rate': 0.05945454889809609, 'feature_fraction': 0.9951824634629803, 'bagging_fraction': 0.7254756717884341, 'min_child_samples': 19, 'reg_alpha': 9.758133253916447e-08, 'reg_lambda': 0.000619728514803975}
2024-12-08 03:50:31,727 - ModelTrainer - DEBUG - LightGBM trial 52: score=179.8812, time=175.19s, params={'objective': 'regression', 'metric': 'mae', 'boosting_type': 'gbdt', 'num_leaves': 92, 'learning_rate': 0.057919301592873174, 'feature_fraction': 0.9535882303894302, 'bagging_fraction': 0.7860280057476657, 'min_child_samples': 19, 'reg_alpha': 7.246305461467241e-08, 'reg_lambda': 0.0001416359292564438}
2024-12-08 03:50:47,514 - ModelTrainer - DEBUG - LightGBM trial 54: score=182.6768, time=174.57s, params={'objective': 'regression', 'metric': 'mae', 'boosting_type': 'gbdt', 'num_leaves': 92, 'learning_rate': 0.06355320804354277, 'feature_fraction': 0.8370714276185586, 'bagging_fraction': 0.84898013739373, 'min_child_samples': 17, 'reg_alpha': 8.967703166732054e-08, 'reg_lambda': 0.00032279797181431033}
2024-12-08 03:50:48,889 - ModelTrainer - DEBUG - LightGBM trial 53: score=179.8342, time=179.76s, params={'objective': 'regression', 'metric': 'mae', 'boosting_type': 'gbdt', 'num_leaves': 94, 'learning_rate': 0.0623238352433235, 'feature_fraction': 0.9542163955736082, 'bagging_fraction': 0.851628016783191, 'min_child_samples': 18, 'reg_alpha': 6.780857350081063e-07, 'reg_lambda': 9.479313517327043e-05}
2024-12-08 03:50:56,639 - ModelTrainer - DEBUG - LightGBM trial 56: score=179.6376, time=158.39s, params={'objective': 'regression', 'metric': 'mae', 'boosting_type': 'gbdt', 'num_leaves': 88, 'learning_rate': 0.05910577019822822, 'feature_fraction': 0.9540178063237714, 'bagging_fraction': 0.7943674836646523, 'min_child_samples': 18, 'reg_alpha': 9.328719290333057e-08, 'reg_lambda': 0.0001430376179151336}
2024-12-08 03:50:57,275 - ModelTrainer - DEBUG - LightGBM trial 55: score=179.6731, time=168.72s, params={'objective': 'regression', 'metric': 'mae', 'boosting_type': 'gbdt', 'num_leaves': 92, 'learning_rate': 0.0627555908488876, 'feature_fraction': 0.9578440064740138, 'bagging_fraction': 0.8581285690676718, 'min_child_samples': 18, 'reg_alpha': 7.625623799123229e-08, 'reg_lambda': 0.00011282489615621335}
2024-12-08 03:51:20,459 - ModelTrainer - DEBUG - LightGBM trial 57: score=179.7655, time=170.33s, params={'objective': 'regression', 'metric': 'mae', 'boosting_type': 'gbdt', 'num_leaves': 92, 'learning_rate': 0.05870984391148375, 'feature_fraction': 0.9578912314802226, 'bagging_fraction': 0.857906193355111, 'min_child_samples': 18, 'reg_alpha': 8.605264086642783e-07, 'reg_lambda': 0.00014217598958712486}
2024-12-08 03:52:04,767 - ModelTrainer - DEBUG - LightGBM trial 58: score=179.8102, time=163.32s, params={'objective': 'regression', 'metric': 'mae', 'boosting_type': 'gbdt', 'num_leaves': 92, 'learning_rate': 0.05711708633799963, 'feature_fraction': 0.9566237541120474, 'bagging_fraction': 0.8442570818740377, 'min_child_samples': 17, 'reg_alpha': 6.909822240900106e-07, 'reg_lambda': 0.00017384196630269172}
2024-12-08 03:52:10,512 - ModelTrainer - DEBUG - LightGBM trial 59: score=179.5208, time=162.73s, params={'objective': 'regression', 'metric': 'mae', 'boosting_type': 'gbdt', 'num_leaves': 92, 'learning_rate': 0.06286258413518928, 'feature_fraction': 0.9565492924142988, 'bagging_fraction': 0.8605824189153919, 'min_child_samples': 28, 'reg_alpha': 7.966290127236767e-07, 'reg_lambda': 0.00017953817258579855}
2024-12-08 03:52:40,126 - ModelTrainer - DEBUG - LightGBM trial 62: score=179.5971, time=168.89s, params={'objective': 'regression', 'metric': 'mae', 'boosting_type': 'gbdt', 'num_leaves': 91, 'learning_rate': 0.06107096688639767, 'feature_fraction': 0.9556060746901592, 'bagging_fraction': 0.8508016345253978, 'min_child_samples': 28, 'reg_alpha': 1.4834282034640919e-06, 'reg_lambda': 8.8365564510472e-05}
2024-12-08 03:52:44,474 - ModelTrainer - DEBUG - LightGBM trial 60: score=179.9483, time=182.60s, params={'objective': 'regression', 'metric': 'mae', 'boosting_type': 'gbdt', 'num_leaves': 94, 'learning_rate': 0.056233345458165, 'feature_fraction': 0.9617798176827034, 'bagging_fraction': 0.8585363974225526, 'min_child_samples': 14, 'reg_alpha': 1.0961765470769527e-06, 'reg_lambda': 0.0001567961414953816}
2024-12-08 03:52:47,162 - ModelTrainer - DEBUG - LightGBM trial 61: score=179.6779, time=180.82s, params={'objective': 'regression', 'metric': 'mae', 'boosting_type': 'gbdt', 'num_leaves': 92, 'learning_rate': 0.061900109347382846, 'feature_fraction': 0.9571431504195749, 'bagging_fraction': 0.8613881897040495, 'min_child_samples': 14, 'reg_alpha': 1.303134476318515e-06, 'reg_lambda': 0.00025388753933365917}
2024-12-08 03:52:49,645 - ModelTrainer - DEBUG - LightGBM trial 63: score=183.0346, time=177.21s, params={'objective': 'regression', 'metric': 'mae', 'boosting_type': 'gbdt', 'num_leaves': 91, 'learning_rate': 0.05759898087788161, 'feature_fraction': 0.8457282473378791, 'bagging_fraction': 0.8591714793162696, 'min_child_samples': 26, 'reg_alpha': 8.390405339180278e-07, 'reg_lambda': 0.00010223797968445771}
2024-12-08 03:52:51,494 - ModelTrainer - DEBUG - LightGBM trial 64: score=182.8909, time=177.54s, params={'objective': 'regression', 'metric': 'mae', 'boosting_type': 'gbdt', 'num_leaves': 91, 'learning_rate': 0.06102071297098609, 'feature_fraction': 0.8421777988027724, 'bagging_fraction': 0.6538472066660785, 'min_child_samples': 20, 'reg_alpha': 1.258189113684508e-06, 'reg_lambda': 0.00013144868826485653}
2024-12-08 03:52:52,340 - ModelTrainer - DEBUG - LightGBM trial 65: score=181.0401, time=176.85s, params={'objective': 'regression', 'metric': 'mae', 'boosting_type': 'gbdt', 'num_leaves': 92, 'learning_rate': 0.0613360675514727, 'feature_fraction': 0.9489522571538597, 'bagging_fraction': 0.791829762591008, 'min_child_samples': 20, 'reg_alpha': 1.2847121132436399e-06, 'reg_lambda': 0.00012792760897266167}
2024-12-08 03:53:00,147 - ModelTrainer - DEBUG - LightGBM trial 66: score=180.9679, time=175.77s, params={'objective': 'regression', 'metric': 'mae', 'boosting_type': 'gbdt', 'num_leaves': 92, 'learning_rate': 0.059395717705489785, 'feature_fraction': 0.9489686034294108, 'bagging_fraction': 0.6877486487860315, 'min_child_samples': 26, 'reg_alpha': 1.2326678069726301e-06, 'reg_lambda': 0.00014202772919209733}
2024-12-08 03:53:27,631 - ModelTrainer - DEBUG - LightGBM trial 67: score=182.7660, time=175.81s, params={'objective': 'regression', 'metric': 'mae', 'boosting_type': 'gbdt', 'num_leaves': 92, 'learning_rate': 0.06026043570051949, 'feature_fraction': 0.8499858627144916, 'bagging_fraction': 0.6606643358660134, 'min_child_samples': 26, 'reg_alpha': 8.214420879459325e-07, 'reg_lambda': 0.000163368211727205}
2024-12-08 03:53:32,454 - ModelTrainer - DEBUG - LightGBM trial 68: score=179.4748, time=164.86s, params={'objective': 'regression', 'metric': 'mae', 'boosting_type': 'gbdt', 'num_leaves': 88, 'learning_rate': 0.08000604381282557, 'feature_fraction': 0.9525075942693282, 'bagging_fraction': 0.6573919617989492, 'min_child_samples': 27, 'reg_alpha': 1.120879102701948e-06, 'reg_lambda': 3.964241318086907e-05}
2024-12-08 03:53:34,423 - ModelTrainer - DEBUG - LightGBM trial 69: score=180.8886, time=165.45s, params={'objective': 'regression', 'metric': 'mae', 'boosting_type': 'gbdt', 'num_leaves': 88, 'learning_rate': 0.07733195924229995, 'feature_fraction': 0.9132828510989073, 'bagging_fraction': 0.6517097555881113, 'min_child_samples': 26, 'reg_alpha': 2.1899779466463417e-06, 'reg_lambda': 1.312763464109594e-05}
2024-12-08 03:53:40,316 - ModelTrainer - DEBUG - LightGBM trial 70: score=181.7537, time=163.55s, params={'objective': 'regression', 'metric': 'mae', 'boosting_type': 'gbdt', 'num_leaves': 87, 'learning_rate': 0.08164152177260729, 'feature_fraction': 0.916281280524953, 'bagging_fraction': 0.6485877825369369, 'min_child_samples': 21, 'reg_alpha': 2.361685287714109e-06, 'reg_lambda': 1.842257463314569e-05}
2024-12-08 03:53:44,191 - ModelTrainer - DEBUG - LightGBM trial 71: score=180.9688, time=166.63s, params={'objective': 'regression', 'metric': 'mae', 'boosting_type': 'gbdt', 'num_leaves': 87, 'learning_rate': 0.07596323991829372, 'feature_fraction': 0.943844895124088, 'bagging_fraction': 0.6688991353007879, 'min_child_samples': 21, 'reg_alpha': 1.563604946796623e-06, 'reg_lambda': 9.991965692854932e-06}
2024-12-08 03:53:57,486 - ModelTrainer - DEBUG - LightGBM trial 72: score=181.6810, time=156.92s, params={'objective': 'regression', 'metric': 'mae', 'boosting_type': 'gbdt', 'num_leaves': 88, 'learning_rate': 0.08338565028932507, 'feature_fraction': 0.9123612742376446, 'bagging_fraction': 0.8293353399326491, 'min_child_samples': 26, 'reg_alpha': 3.126483029133619e-07, 'reg_lambda': 1.3111372029104533e-05}
2024-12-08 03:54:44,354 - ModelTrainer - DEBUG - LightGBM trial 73: score=180.7900, time=159.50s, params={'objective': 'regression', 'metric': 'mae', 'boosting_type': 'gbdt', 'num_leaves': 87, 'learning_rate': 0.07903416492626196, 'feature_fraction': 0.9190119902353161, 'bagging_fraction': 0.8279454730939162, 'min_child_samples': 27, 'reg_alpha': 2.7599626561944826e-07, 'reg_lambda': 2.302799240861005e-05}
2024-12-08 03:54:49,064 - ModelTrainer - DEBUG - LightGBM trial 74: score=180.6662, time=158.45s, params={'objective': 'regression', 'metric': 'mae', 'boosting_type': 'gbdt', 'num_leaves': 87, 'learning_rate': 0.07940706817591785, 'feature_fraction': 0.9157339354380504, 'bagging_fraction': 0.8240192754906136, 'min_child_samples': 25, 'reg_alpha': 1.9323036400418915e-06, 'reg_lambda': 1.1472234788708454e-05}
2024-12-08 03:55:30,503 - ModelTrainer - DEBUG - LightGBM trial 77: score=181.3996, time=163.06s, params={'objective': 'regression', 'metric': 'mae', 'boosting_type': 'gbdt', 'num_leaves': 85, 'learning_rate': 0.07873490450332266, 'feature_fraction': 0.9045072842711874, 'bagging_fraction': 0.8261381762466005, 'min_child_samples': 27, 'reg_alpha': 2.356018654868193e-06, 'reg_lambda': 3.4081393409967886e-05}
2024-12-08 03:55:31,727 - ModelTrainer - DEBUG - LightGBM trial 75: score=180.2188, time=171.48s, params={'objective': 'regression', 'metric': 'mae', 'boosting_type': 'gbdt', 'num_leaves': 87, 'learning_rate': 0.07628778894191632, 'feature_fraction': 0.9146133145333495, 'bagging_fraction': 0.8165549130196739, 'min_child_samples': 28, 'reg_alpha': 2.5541022681113382e-06, 'reg_lambda': 2.1118965368709484e-05}
2024-12-08 03:55:33,101 - ModelTrainer - DEBUG - LightGBM trial 76: score=181.2158, time=168.50s, params={'objective': 'regression', 'metric': 'mae', 'boosting_type': 'gbdt', 'num_leaves': 86, 'learning_rate': 0.08440539366630853, 'feature_fraction': 0.916377996253973, 'bagging_fraction': 0.8233506947035895, 'min_child_samples': 28, 'reg_alpha': 2.307550648676559e-07, 'reg_lambda': 2.5053103564538925e-05}
2024-12-08 03:55:37,779 - ModelTrainer - DEBUG - LightGBM trial 79: score=180.6287, time=166.10s, params={'objective': 'regression', 'metric': 'mae', 'boosting_type': 'gbdt', 'num_leaves': 86, 'learning_rate': 0.07760492924077143, 'feature_fraction': 0.9150886705237103, 'bagging_fraction': 0.8247249276527308, 'min_child_samples': 28, 'reg_alpha': 2.0053930342391547e-05, 'reg_lambda': 2.3930305185754384e-05}
2024-12-08 03:55:39,330 - ModelTrainer - DEBUG - LightGBM trial 78: score=181.3061, time=169.51s, params={'objective': 'regression', 'metric': 'mae', 'boosting_type': 'gbdt', 'num_leaves': 87, 'learning_rate': 0.08120119447631767, 'feature_fraction': 0.9111082918823444, 'bagging_fraction': 0.8164937349684357, 'min_child_samples': 27, 'reg_alpha': 3.4366841149356214e-06, 'reg_lambda': 1.9752789915945066e-05}
2024-12-08 03:55:43,488 - ModelTrainer - DEBUG - LightGBM trial 80: score=180.2713, time=170.89s, params={'objective': 'regression', 'metric': 'mae', 'boosting_type': 'gbdt', 'num_leaves': 87, 'learning_rate': 0.07738747759615665, 'feature_fraction': 0.9109730177717813, 'bagging_fraction': 0.8293586872524806, 'min_child_samples': 27, 'reg_alpha': 3.8964337945422655e-06, 'reg_lambda': 1.8172479865993477e-05}
2024-12-08 03:55:43,881 - ModelTrainer - DEBUG - LightGBM trial 81: score=180.6969, time=163.59s, params={'objective': 'regression', 'metric': 'mae', 'boosting_type': 'gbdt', 'num_leaves': 86, 'learning_rate': 0.07714835416797372, 'feature_fraction': 0.9087486249687226, 'bagging_fraction': 0.829772564709347, 'min_child_samples': 31, 'reg_alpha': 2.6887455319921267e-07, 'reg_lambda': 3.515340820646265e-05}
2024-12-08 03:56:12,106 - ModelTrainer - DEBUG - LightGBM trial 83: score=181.1959, time=159.48s, params={'objective': 'regression', 'metric': 'mae', 'boosting_type': 'gbdt', 'num_leaves': 86, 'learning_rate': 0.07900389817766172, 'feature_fraction': 0.9154782560545528, 'bagging_fraction': 0.8276826830904822, 'min_child_samples': 30, 'reg_alpha': 1.4388743656103145e-05, 'reg_lambda': 1.6587015154554023e-05}
2024-12-08 03:56:14,794 - ModelTrainer - DEBUG - LightGBM trial 82: score=181.3958, time=167.07s, params={'objective': 'regression', 'metric': 'mae', 'boosting_type': 'gbdt', 'num_leaves': 85, 'learning_rate': 0.08207835327114188, 'feature_fraction': 0.9168190012208396, 'bagging_fraction': 0.8068271261176004, 'min_child_samples': 29, 'reg_alpha': 2.6037909636221427e-07, 'reg_lambda': 2.4086680466346254e-05}
2024-12-08 03:56:17,596 - ModelTrainer - DEBUG - LightGBM trial 84: score=181.8651, time=163.10s, params={'objective': 'regression', 'metric': 'mae', 'boosting_type': 'gbdt', 'num_leaves': 85, 'learning_rate': 0.0766240149426347, 'feature_fraction': 0.9133913959818243, 'bagging_fraction': 0.8267075055802648, 'min_child_samples': 35, 'reg_alpha': 8.060912751580232e-06, 'reg_lambda': 1.904229210017613e-05}
2024-12-08 03:56:19,847 - ModelTrainer - DEBUG - LightGBM trial 85: score=181.2762, time=159.43s, params={'objective': 'regression', 'metric': 'mae', 'boosting_type': 'gbdt', 'num_leaves': 81, 'learning_rate': 0.07590257521643452, 'feature_fraction': 0.9381761632570043, 'bagging_fraction': 0.8710072423290607, 'min_child_samples': 29, 'reg_alpha': 2.498901902860551e-07, 'reg_lambda': 4.295344493216536e-05}
2024-12-08 03:56:31,341 - ModelTrainer - DEBUG - LightGBM trial 87: score=180.4649, time=153.75s, params={'objective': 'regression', 'metric': 'mae', 'boosting_type': 'gbdt', 'num_leaves': 80, 'learning_rate': 0.09298585234335194, 'feature_fraction': 0.9248200184647315, 'bagging_fraction': 0.8121367776193794, 'min_child_samples': 29, 'reg_alpha': 1.4540035049243745e-05, 'reg_lambda': 3.604603719051355e-05}
2024-12-08 03:56:36,164 - ModelTrainer - DEBUG - LightGBM trial 86: score=190.2955, time=171.59s, params={'objective': 'regression', 'metric': 'mae', 'boosting_type': 'gbdt', 'num_leaves': 80, 'learning_rate': 0.028233019197243008, 'feature_fraction': 0.9267359740408263, 'bagging_fraction': 0.8246019652612226, 'min_child_samples': 29, 'reg_alpha': 1.783424833698311e-05, 'reg_lambda': 5.7043765361807096e-05}
2024-12-08 03:57:04,218 - ModelTrainer - DEBUG - LightGBM trial 88: score=181.6403, time=139.75s, params={'objective': 'regression', 'metric': 'mae', 'boosting_type': 'gbdt', 'num_leaves': 81, 'learning_rate': 0.09142805812728624, 'feature_fraction': 0.9345236903711154, 'bagging_fraction': 0.8150956719257877, 'min_child_samples': 29, 'reg_alpha': 1.899089602857492e-05, 'reg_lambda': 4.558567597179108e-05}
2024-12-08 03:57:20,676 - ModelTrainer - DEBUG - LightGBM trial 89: score=189.7857, time=151.36s, params={'objective': 'regression', 'metric': 'mae', 'boosting_type': 'gbdt', 'num_leaves': 80, 'learning_rate': 0.02868545463970837, 'feature_fraction': 0.9401544153594702, 'bagging_fraction': 0.811013820940625, 'min_child_samples': 30, 'reg_alpha': 8.716301411373151e-06, 'reg_lambda': 4.7968318246519455e-05}
2024-12-08 03:57:44,701 - ModelTrainer - DEBUG - LightGBM trial 91: score=182.5904, time=132.94s, params={'objective': 'regression', 'metric': 'mae', 'boosting_type': 'gbdt', 'num_leaves': 80, 'learning_rate': 0.09790732875647849, 'feature_fraction': 0.9308407965627844, 'bagging_fraction': 0.8713353543676314, 'min_child_samples': 35, 'reg_alpha': 1.024993471540159e-05, 'reg_lambda': 4.487335300176388e-05}
2024-12-08 03:57:45,987 - ModelTrainer - DEBUG - LightGBM trial 93: score=181.9115, time=127.98s, params={'objective': 'regression', 'metric': 'mae', 'boosting_type': 'gbdt', 'num_leaves': 81, 'learning_rate': 0.09892256757014503, 'feature_fraction': 0.9389465497931572, 'bagging_fraction': 0.8690888747830146, 'min_child_samples': 35, 'reg_alpha': 4.657502419897377e-06, 'reg_lambda': 3.292643322045926e-06}
2024-12-08 03:57:50,576 - ModelTrainer - DEBUG - LightGBM trial 94: score=181.5358, time=130.97s, params={'objective': 'regression', 'metric': 'mae', 'boosting_type': 'gbdt', 'num_leaves': 80, 'learning_rate': 0.09917778714502655, 'feature_fraction': 0.9351770485171759, 'bagging_fraction': 0.7678220095315338, 'min_child_samples': 34, 'reg_alpha': 8.320755519801079e-06, 'reg_lambda': 5.416437156131203e-05}
2024-12-08 03:57:50,820 - ModelTrainer - DEBUG - LightGBM trial 96: score=180.9496, time=126.83s, params={'objective': 'regression', 'metric': 'mae', 'boosting_type': 'gbdt', 'num_leaves': 81, 'learning_rate': 0.09439394606368266, 'feature_fraction': 0.9355159368311561, 'bagging_fraction': 0.8713939731975813, 'min_child_samples': 23, 'reg_alpha': 6.976791436599787e-06, 'reg_lambda': 0.0003195288296370909}
2024-12-08 03:57:51,378 - ModelTrainer - DEBUG - LightGBM trial 90: score=188.4406, time=140.68s, params={'objective': 'regression', 'metric': 'mae', 'boosting_type': 'gbdt', 'num_leaves': 82, 'learning_rate': 0.029960979700774704, 'feature_fraction': 0.9354111741459629, 'bagging_fraction': 0.8687208481551311, 'min_child_samples': 30, 'reg_alpha': 1.0204540058445803e-05, 'reg_lambda': 3.7580354350283046e-06}
2024-12-08 03:57:51,384 - ModelTrainer - DEBUG - LightGBM trial 95: score=181.9611, time=127.40s, params={'objective': 'regression', 'metric': 'mae', 'boosting_type': 'gbdt', 'num_leaves': 81, 'learning_rate': 0.09609957758225042, 'feature_fraction': 0.9351185755719371, 'bagging_fraction': 0.9183501958393745, 'min_child_samples': 34, 'reg_alpha': 3.5474398608055325e-08, 'reg_lambda': 0.0038201700870063907}
2024-12-08 03:57:51,439 - ModelTrainer - DEBUG - LightGBM trial 92: score=189.3106, time=138.04s, params={'objective': 'regression', 'metric': 'mae', 'boosting_type': 'gbdt', 'num_leaves': 81, 'learning_rate': 0.028038165426632886, 'feature_fraction': 0.973147605012438, 'bagging_fraction': 0.869040394137203, 'min_child_samples': 36, 'reg_alpha': 1.3567874713174924e-05, 'reg_lambda': 5.280902264619015e-05}
2024-12-08 03:57:55,508 - ModelTrainer - DEBUG - LightGBM trial 97: score=179.0327, time=103.31s, params={'objective': 'regression', 'metric': 'mae', 'boosting_type': 'gbdt', 'num_leaves': 82, 'learning_rate': 0.09888113349025705, 'feature_fraction': 0.9733615365510881, 'bagging_fraction': 0.7078328419020629, 'min_child_samples': 35, 'reg_alpha': 2.9699310881226926e-08, 'reg_lambda': 0.0003377689070592061}
2024-12-08 03:57:56,636 - ModelTrainer - DEBUG - LightGBM trial 98: score=181.1099, time=101.69s, params={'objective': 'regression', 'metric': 'mae', 'boosting_type': 'gbdt', 'num_leaves': 81, 'learning_rate': 0.09197440795233376, 'feature_fraction': 0.9377770833377095, 'bagging_fraction': 0.7022927122252495, 'min_child_samples': 23, 'reg_alpha': 3.5745625474068946e-08, 'reg_lambda': 0.0003013591003413158}
2024-12-08 03:57:56,873 - ModelTrainer - DEBUG - LightGBM trial 99: score=181.2205, time=99.14s, params={'objective': 'regression', 'metric': 'mae', 'boosting_type': 'gbdt', 'num_leaves': 81, 'learning_rate': 0.09403697058777688, 'feature_fraction': 0.9351851152037467, 'bagging_fraction': 0.8713687581597164, 'min_child_samples': 15, 'reg_alpha': 3.3763830423995606e-08, 'reg_lambda': 5.599172119518585e-05}
2024-12-08 03:57:57,030 - ModelTrainer - INFO - Best lightgbm trial:
2024-12-08 03:57:57,031 - ModelTrainer - INFO -   Value: 179.0327
2024-12-08 03:57:57,031 - ModelTrainer - INFO -   Params: {'num_leaves': 82, 'learning_rate': 0.09888113349025705, 'feature_fraction': 0.9733615365510881, 'bagging_fraction': 0.7078328419020629, 'min_child_samples': 35, 'reg_alpha': 2.9699310881226926e-08, 'reg_lambda': 0.0003377689070592061}
2024-12-08 03:57:57,104 - ModelTrainer - INFO - Training final lightgbm model with MAPIE...
2024-12-08 03:58:01,537 - ModelTrainer - INFO - Training MAPIE model...
2024-12-08 03:58:01,546 - ModelTrainer - ERROR - Error in lightgbm training: Invalid method. Allowed values are ['naive', 'base', 'plus', 'minmax'].
2024-12-08 03:58:01,572 - ModelTrainer - ERROR - Traceback (most recent call last):
  File "C:\Users\prite\Desktop\mlops-timeseries\mlops_timeseries\models\trainer.py", line 365, in train_model_with_mapie
    mapie_model.fit(self.valid_df[self.features], self.valid_df[self.target])
  File "C:\Users\prite\Desktop\mlops-timeseries\.venv\Lib\site-packages\mapie\regression\regression.py", line 531, in fit
    groups) = self._check_fit_parameters(X, y, sample_weight, groups)
              ^^^^^^^^^^^^^^^^^^^^^^^^^^^^^^^^^^^^^^^^^^^^^^^^^^^^^^^
  File "C:\Users\prite\Desktop\mlops-timeseries\.venv\Lib\site-packages\mapie\regression\regression.py", line 430, in _check_fit_parameters
    self._check_parameters()
  File "C:\Users\prite\Desktop\mlops-timeseries\.venv\Lib\site-packages\mapie\regression\regression.py", line 256, in _check_parameters
    self._check_method(self.method)
  File "C:\Users\prite\Desktop\mlops-timeseries\.venv\Lib\site-packages\mapie\regression\regression.py", line 283, in _check_method
    raise ValueError(
ValueError: Invalid method. Allowed values are ['naive', 'base', 'plus', 'minmax'].

2024-12-08 03:58:01,574 - ModelTrainer - ERROR - Error during lightgbm optimization: Invalid method. Allowed values are ['naive', 'base', 'plus', 'minmax'].
2024-12-08 03:58:01,575 - ModelTrainer - ERROR - Traceback (most recent call last):
  File "C:\Users\prite\Desktop\mlops-timeseries\mlops_timeseries\models\trainer.py", line 536, in train_models
    self.train_model_with_mapie(model_type, best_params)
  File "C:\Users\prite\Desktop\mlops-timeseries\mlops_timeseries\models\trainer.py", line 365, in train_model_with_mapie
    mapie_model.fit(self.valid_df[self.features], self.valid_df[self.target])
  File "C:\Users\prite\Desktop\mlops-timeseries\.venv\Lib\site-packages\mapie\regression\regression.py", line 531, in fit
    groups) = self._check_fit_parameters(X, y, sample_weight, groups)
              ^^^^^^^^^^^^^^^^^^^^^^^^^^^^^^^^^^^^^^^^^^^^^^^^^^^^^^^
  File "C:\Users\prite\Desktop\mlops-timeseries\.venv\Lib\site-packages\mapie\regression\regression.py", line 430, in _check_fit_parameters
    self._check_parameters()
  File "C:\Users\prite\Desktop\mlops-timeseries\.venv\Lib\site-packages\mapie\regression\regression.py", line 256, in _check_parameters
    self._check_method(self.method)
  File "C:\Users\prite\Desktop\mlops-timeseries\.venv\Lib\site-packages\mapie\regression\regression.py", line 283, in _check_method
    raise ValueError(
ValueError: Invalid method. Allowed values are ['naive', 'base', 'plus', 'minmax'].

2024-12-08 03:58:01,576 - ModelTrainer - WARNING - Falling back to default parameters for lightgbm
2024-12-08 03:58:01,681 - ModelTrainer - INFO - Training final lightgbm model with MAPIE...
2024-12-08 03:58:05,187 - ModelTrainer - INFO - Training MAPIE model...
2024-12-08 03:58:05,200 - ModelTrainer - ERROR - Error in lightgbm training: Invalid method. Allowed values are ['naive', 'base', 'plus', 'minmax'].
2024-12-08 03:58:05,202 - ModelTrainer - ERROR - Traceback (most recent call last):
  File "C:\Users\prite\Desktop\mlops-timeseries\mlops_timeseries\models\trainer.py", line 536, in train_models
    self.train_model_with_mapie(model_type, best_params)
  File "C:\Users\prite\Desktop\mlops-timeseries\mlops_timeseries\models\trainer.py", line 365, in train_model_with_mapie
    mapie_model.fit(self.valid_df[self.features], self.valid_df[self.target])
  File "C:\Users\prite\Desktop\mlops-timeseries\.venv\Lib\site-packages\mapie\regression\regression.py", line 531, in fit
    groups) = self._check_fit_parameters(X, y, sample_weight, groups)
              ^^^^^^^^^^^^^^^^^^^^^^^^^^^^^^^^^^^^^^^^^^^^^^^^^^^^^^^
  File "C:\Users\prite\Desktop\mlops-timeseries\.venv\Lib\site-packages\mapie\regression\regression.py", line 430, in _check_fit_parameters
    self._check_parameters()
  File "C:\Users\prite\Desktop\mlops-timeseries\.venv\Lib\site-packages\mapie\regression\regression.py", line 256, in _check_parameters
    self._check_method(self.method)
  File "C:\Users\prite\Desktop\mlops-timeseries\.venv\Lib\site-packages\mapie\regression\regression.py", line 283, in _check_method
    raise ValueError(
ValueError: Invalid method. Allowed values are ['naive', 'base', 'plus', 'minmax'].

During handling of the above exception, another exception occurred:

Traceback (most recent call last):
  File "C:\Users\prite\Desktop\mlops-timeseries\mlops_timeseries\models\trainer.py", line 365, in train_model_with_mapie
    mapie_model.fit(self.valid_df[self.features], self.valid_df[self.target])
  File "C:\Users\prite\Desktop\mlops-timeseries\.venv\Lib\site-packages\mapie\regression\regression.py", line 531, in fit
    groups) = self._check_fit_parameters(X, y, sample_weight, groups)
              ^^^^^^^^^^^^^^^^^^^^^^^^^^^^^^^^^^^^^^^^^^^^^^^^^^^^^^^
  File "C:\Users\prite\Desktop\mlops-timeseries\.venv\Lib\site-packages\mapie\regression\regression.py", line 430, in _check_fit_parameters
    self._check_parameters()
  File "C:\Users\prite\Desktop\mlops-timeseries\.venv\Lib\site-packages\mapie\regression\regression.py", line 256, in _check_parameters
    self._check_method(self.method)
  File "C:\Users\prite\Desktop\mlops-timeseries\.venv\Lib\site-packages\mapie\regression\regression.py", line 283, in _check_method
    raise ValueError(
ValueError: Invalid method. Allowed values are ['naive', 'base', 'plus', 'minmax'].

2024-12-08 03:58:05,204 - ModelTrainer - ERROR - Error in model training pipeline
2024-12-08 03:58:05,205 - ModelTrainer - ERROR - Traceback (most recent call last):
  File "C:\Users\prite\Desktop\mlops-timeseries\mlops_timeseries\models\trainer.py", line 536, in train_models
    self.train_model_with_mapie(model_type, best_params)
  File "C:\Users\prite\Desktop\mlops-timeseries\mlops_timeseries\models\trainer.py", line 365, in train_model_with_mapie
    mapie_model.fit(self.valid_df[self.features], self.valid_df[self.target])
  File "C:\Users\prite\Desktop\mlops-timeseries\.venv\Lib\site-packages\mapie\regression\regression.py", line 531, in fit
    groups) = self._check_fit_parameters(X, y, sample_weight, groups)
              ^^^^^^^^^^^^^^^^^^^^^^^^^^^^^^^^^^^^^^^^^^^^^^^^^^^^^^^
  File "C:\Users\prite\Desktop\mlops-timeseries\.venv\Lib\site-packages\mapie\regression\regression.py", line 430, in _check_fit_parameters
    self._check_parameters()
  File "C:\Users\prite\Desktop\mlops-timeseries\.venv\Lib\site-packages\mapie\regression\regression.py", line 256, in _check_parameters
    self._check_method(self.method)
  File "C:\Users\prite\Desktop\mlops-timeseries\.venv\Lib\site-packages\mapie\regression\regression.py", line 283, in _check_method
    raise ValueError(
ValueError: Invalid method. Allowed values are ['naive', 'base', 'plus', 'minmax'].

During handling of the above exception, another exception occurred:

Traceback (most recent call last):
  File "C:\Users\prite\Desktop\mlops-timeseries\mlops_timeseries\models\trainer.py", line 560, in train_models
    self.train_model_with_mapie(model_type, default_params[model_type].copy())
  File "C:\Users\prite\Desktop\mlops-timeseries\mlops_timeseries\models\trainer.py", line 365, in train_model_with_mapie
    mapie_model.fit(self.valid_df[self.features], self.valid_df[self.target])
  File "C:\Users\prite\Desktop\mlops-timeseries\.venv\Lib\site-packages\mapie\regression\regression.py", line 531, in fit
    groups) = self._check_fit_parameters(X, y, sample_weight, groups)
              ^^^^^^^^^^^^^^^^^^^^^^^^^^^^^^^^^^^^^^^^^^^^^^^^^^^^^^^
  File "C:\Users\prite\Desktop\mlops-timeseries\.venv\Lib\site-packages\mapie\regression\regression.py", line 430, in _check_fit_parameters
    self._check_parameters()
  File "C:\Users\prite\Desktop\mlops-timeseries\.venv\Lib\site-packages\mapie\regression\regression.py", line 256, in _check_parameters
    self._check_method(self.method)
  File "C:\Users\prite\Desktop\mlops-timeseries\.venv\Lib\site-packages\mapie\regression\regression.py", line 283, in _check_method
    raise ValueError(
ValueError: Invalid method. Allowed values are ['naive', 'base', 'plus', 'minmax'].

