2024-12-08 04:47:33,844 - ModelTrainer - INFO - Initialized ModelTrainer with 100 trials and 15 workers
2024-12-08 04:47:33,845 - ModelTrainer - INFO - Starting overnight training pipeline...
2024-12-08 04:47:33,845 - ModelTrainer - INFO - Loading data...
2024-12-08 04:47:34,329 - ModelTrainer - INFO - Data loaded in 0.48 seconds
2024-12-08 04:47:34,330 - ModelTrainer - INFO - Train shape: (2431886, 20)
2024-12-08 04:47:34,331 - ModelTrainer - INFO - Valid shape: (256128, 20)
2024-12-08 04:47:34,331 - ModelTrainer - INFO - Test shape: (256157, 20)
2024-12-08 04:47:34,331 - ModelTrainer - INFO - Features: ['hour', 'day_of_week', 'month', 'is_weekend', 'temperature_2m', 'relative_humidity_2m', 'wind_speed_10m', 'building_class_encoded', 'cluster_size', 'demand_lag_24h', 'demand_lag_168h', 'demand_rolling_mean_24h']
2024-12-08 04:47:34,408 - ModelTrainer - INFO - Found existing checkpoint
2024-12-08 04:47:34,408 - ModelTrainer - INFO - Resuming training. Completed models: ['lightgbm']
2024-12-08 04:47:34,448 - ModelTrainer - INFO - 
Optimizing xgboost...
2024-12-08 04:47:34,506 - ModelTrainer - INFO - Restored 0 trials for xgboost
2024-12-08 04:47:34,546 - ModelTrainer - INFO - Current memory usage: 955.30 MB
2024-12-08 04:47:34,702 - ModelTrainer - ERROR - Error in XGBoost trial 1: XGBModel.fit() got an unexpected keyword argument 'callbacks'
2024-12-08 04:47:34,703 - ModelTrainer - ERROR - Error in XGBoost trial 0: XGBModel.fit() got an unexpected keyword argument 'callbacks'
2024-12-08 04:47:34,705 - ModelTrainer - ERROR - Error in XGBoost trial 2: XGBModel.fit() got an unexpected keyword argument 'callbacks'
2024-12-08 04:47:34,721 - ModelTrainer - ERROR - Error in XGBoost trial 3: XGBModel.fit() got an unexpected keyword argument 'callbacks'
2024-12-08 04:47:34,725 - ModelTrainer - ERROR - Error in XGBoost trial 5: XGBModel.fit() got an unexpected keyword argument 'callbacks'
2024-12-08 04:47:34,740 - ModelTrainer - ERROR - Error in XGBoost trial 8: XGBModel.fit() got an unexpected keyword argument 'callbacks'
2024-12-08 04:47:34,741 - ModelTrainer - ERROR - Error in XGBoost trial 6: XGBModel.fit() got an unexpected keyword argument 'callbacks'
2024-12-08 04:47:34,741 - ModelTrainer - ERROR - Error in XGBoost trial 4: XGBModel.fit() got an unexpected keyword argument 'callbacks'
2024-12-08 04:47:34,748 - ModelTrainer - ERROR - Error in XGBoost trial 7: XGBModel.fit() got an unexpected keyword argument 'callbacks'
2024-12-08 04:47:34,785 - ModelTrainer - ERROR - Error in XGBoost trial 13: XGBModel.fit() got an unexpected keyword argument 'callbacks'
2024-12-08 04:47:34,790 - ModelTrainer - ERROR - Error in XGBoost trial 9: XGBModel.fit() got an unexpected keyword argument 'callbacks'
2024-12-08 04:47:34,790 - ModelTrainer - ERROR - Error in XGBoost trial 12: XGBModel.fit() got an unexpected keyword argument 'callbacks'
2024-12-08 04:47:34,792 - ModelTrainer - ERROR - Error in XGBoost trial 11: XGBModel.fit() got an unexpected keyword argument 'callbacks'
2024-12-08 04:47:34,793 - ModelTrainer - ERROR - Error in XGBoost trial 14: XGBModel.fit() got an unexpected keyword argument 'callbacks'
2024-12-08 04:47:34,793 - ModelTrainer - ERROR - Error in XGBoost trial 10: XGBModel.fit() got an unexpected keyword argument 'callbacks'
2024-12-08 04:47:34,873 - ModelTrainer - ERROR - Error in XGBoost trial 16: XGBModel.fit() got an unexpected keyword argument 'callbacks'
2024-12-08 04:47:34,874 - ModelTrainer - ERROR - Error in XGBoost trial 15: XGBModel.fit() got an unexpected keyword argument 'callbacks'
2024-12-08 04:47:34,880 - ModelTrainer - ERROR - Error in XGBoost trial 17: XGBModel.fit() got an unexpected keyword argument 'callbacks'
2024-12-08 04:47:34,919 - ModelTrainer - ERROR - Error in XGBoost trial 18: XGBModel.fit() got an unexpected keyword argument 'callbacks'
2024-12-08 04:47:34,930 - ModelTrainer - ERROR - Error in XGBoost trial 19: XGBModel.fit() got an unexpected keyword argument 'callbacks'
2024-12-08 04:47:34,962 - ModelTrainer - ERROR - Error in XGBoost trial 20: XGBModel.fit() got an unexpected keyword argument 'callbacks'
2024-12-08 04:47:34,986 - ModelTrainer - ERROR - Error in XGBoost trial 21: XGBModel.fit() got an unexpected keyword argument 'callbacks'
2024-12-08 04:47:34,995 - ModelTrainer - ERROR - Error in XGBoost trial 22: XGBModel.fit() got an unexpected keyword argument 'callbacks'
2024-12-08 04:47:35,042 - ModelTrainer - ERROR - Error in XGBoost trial 23: XGBModel.fit() got an unexpected keyword argument 'callbacks'
2024-12-08 04:47:35,050 - ModelTrainer - ERROR - Error in XGBoost trial 24: XGBModel.fit() got an unexpected keyword argument 'callbacks'
2024-12-08 04:47:35,068 - ModelTrainer - ERROR - Error in XGBoost trial 25: XGBModel.fit() got an unexpected keyword argument 'callbacks'
2024-12-08 04:47:35,075 - ModelTrainer - ERROR - Error in XGBoost trial 26: XGBModel.fit() got an unexpected keyword argument 'callbacks'
2024-12-08 04:47:35,131 - ModelTrainer - ERROR - Error in XGBoost trial 28: XGBModel.fit() got an unexpected keyword argument 'callbacks'
2024-12-08 04:47:35,165 - ModelTrainer - ERROR - Error in XGBoost trial 27: XGBModel.fit() got an unexpected keyword argument 'callbacks'
2024-12-08 04:47:35,201 - ModelTrainer - ERROR - Error in XGBoost trial 29: XGBModel.fit() got an unexpected keyword argument 'callbacks'
2024-12-08 04:47:35,240 - ModelTrainer - ERROR - Error in XGBoost trial 30: XGBModel.fit() got an unexpected keyword argument 'callbacks'
2024-12-08 04:47:35,268 - ModelTrainer - ERROR - Error in XGBoost trial 31: XGBModel.fit() got an unexpected keyword argument 'callbacks'
2024-12-08 04:47:35,407 - ModelTrainer - ERROR - Error in XGBoost trial 33: XGBModel.fit() got an unexpected keyword argument 'callbacks'
2024-12-08 04:47:35,411 - ModelTrainer - ERROR - Error in XGBoost trial 32: XGBModel.fit() got an unexpected keyword argument 'callbacks'
2024-12-08 04:47:35,561 - ModelTrainer - ERROR - Error in XGBoost trial 35: XGBModel.fit() got an unexpected keyword argument 'callbacks'
2024-12-08 04:47:35,584 - ModelTrainer - ERROR - Error in XGBoost trial 34: XGBModel.fit() got an unexpected keyword argument 'callbacks'
2024-12-08 04:47:35,594 - ModelTrainer - ERROR - Error in XGBoost trial 36: XGBModel.fit() got an unexpected keyword argument 'callbacks'
2024-12-08 04:47:35,595 - ModelTrainer - ERROR - Error in XGBoost trial 37: XGBModel.fit() got an unexpected keyword argument 'callbacks'
2024-12-08 04:47:35,604 - ModelTrainer - ERROR - Error in XGBoost trial 38: XGBModel.fit() got an unexpected keyword argument 'callbacks'
2024-12-08 04:47:35,614 - ModelTrainer - ERROR - Error in XGBoost trial 39: XGBModel.fit() got an unexpected keyword argument 'callbacks'
2024-12-08 04:47:35,661 - ModelTrainer - ERROR - Error in XGBoost trial 40: XGBModel.fit() got an unexpected keyword argument 'callbacks'
2024-12-08 04:47:35,671 - ModelTrainer - ERROR - Error in XGBoost trial 43: XGBModel.fit() got an unexpected keyword argument 'callbacks'
2024-12-08 04:47:35,696 - ModelTrainer - ERROR - Error in XGBoost trial 41: XGBModel.fit() got an unexpected keyword argument 'callbacks'
2024-12-08 04:47:35,710 - ModelTrainer - ERROR - Error in XGBoost trial 42: XGBModel.fit() got an unexpected keyword argument 'callbacks'
2024-12-08 04:47:35,737 - ModelTrainer - ERROR - Error in XGBoost trial 44: XGBModel.fit() got an unexpected keyword argument 'callbacks'
2024-12-08 04:47:35,774 - ModelTrainer - ERROR - Error in XGBoost trial 46: XGBModel.fit() got an unexpected keyword argument 'callbacks'
2024-12-08 04:47:35,784 - ModelTrainer - ERROR - Error in XGBoost trial 45: XGBModel.fit() got an unexpected keyword argument 'callbacks'
2024-12-08 04:47:35,810 - ModelTrainer - ERROR - Error in XGBoost trial 47: XGBModel.fit() got an unexpected keyword argument 'callbacks'
2024-12-08 04:47:35,813 - ModelTrainer - ERROR - Error in XGBoost trial 48: XGBModel.fit() got an unexpected keyword argument 'callbacks'
2024-12-08 04:47:35,832 - ModelTrainer - ERROR - Error in XGBoost trial 49: XGBModel.fit() got an unexpected keyword argument 'callbacks'
2024-12-08 04:47:35,864 - ModelTrainer - ERROR - Error in XGBoost trial 50: XGBModel.fit() got an unexpected keyword argument 'callbacks'
2024-12-08 04:47:35,924 - ModelTrainer - ERROR - Error in XGBoost trial 52: XGBModel.fit() got an unexpected keyword argument 'callbacks'
2024-12-08 04:47:35,959 - ModelTrainer - ERROR - Error in XGBoost trial 53: XGBModel.fit() got an unexpected keyword argument 'callbacks'
2024-12-08 04:47:35,995 - ModelTrainer - ERROR - Error in XGBoost trial 51: XGBModel.fit() got an unexpected keyword argument 'callbacks'
2024-12-08 04:47:36,044 - ModelTrainer - ERROR - Error in XGBoost trial 54: XGBModel.fit() got an unexpected keyword argument 'callbacks'
2024-12-08 04:47:36,095 - ModelTrainer - ERROR - Error in XGBoost trial 55: XGBModel.fit() got an unexpected keyword argument 'callbacks'
2024-12-08 04:47:36,184 - ModelTrainer - ERROR - Error in XGBoost trial 56: XGBModel.fit() got an unexpected keyword argument 'callbacks'
2024-12-08 04:47:36,191 - ModelTrainer - ERROR - Error in XGBoost trial 57: XGBModel.fit() got an unexpected keyword argument 'callbacks'
2024-12-08 04:47:36,216 - ModelTrainer - ERROR - Error in XGBoost trial 58: XGBModel.fit() got an unexpected keyword argument 'callbacks'
2024-12-08 04:47:36,231 - ModelTrainer - ERROR - Error in XGBoost trial 60: XGBModel.fit() got an unexpected keyword argument 'callbacks'
2024-12-08 04:47:36,254 - ModelTrainer - ERROR - Error in XGBoost trial 59: XGBModel.fit() got an unexpected keyword argument 'callbacks'
2024-12-08 04:47:36,270 - ModelTrainer - ERROR - Error in XGBoost trial 62: XGBModel.fit() got an unexpected keyword argument 'callbacks'
2024-12-08 04:47:36,311 - ModelTrainer - ERROR - Error in XGBoost trial 64: XGBModel.fit() got an unexpected keyword argument 'callbacks'
2024-12-08 04:47:36,311 - ModelTrainer - ERROR - Error in XGBoost trial 61: XGBModel.fit() got an unexpected keyword argument 'callbacks'
2024-12-08 04:47:36,348 - ModelTrainer - ERROR - Error in XGBoost trial 63: XGBModel.fit() got an unexpected keyword argument 'callbacks'
2024-12-08 04:47:36,352 - ModelTrainer - ERROR - Error in XGBoost trial 65: XGBModel.fit() got an unexpected keyword argument 'callbacks'
2024-12-08 04:47:36,382 - ModelTrainer - ERROR - Error in XGBoost trial 66: XGBModel.fit() got an unexpected keyword argument 'callbacks'
2024-12-08 04:47:36,389 - ModelTrainer - ERROR - Error in XGBoost trial 67: XGBModel.fit() got an unexpected keyword argument 'callbacks'
2024-12-08 04:47:36,426 - ModelTrainer - ERROR - Error in XGBoost trial 68: XGBModel.fit() got an unexpected keyword argument 'callbacks'
2024-12-08 04:47:36,447 - ModelTrainer - ERROR - Error in XGBoost trial 69: XGBModel.fit() got an unexpected keyword argument 'callbacks'
2024-12-08 04:47:36,492 - ModelTrainer - ERROR - Error in XGBoost trial 70: XGBModel.fit() got an unexpected keyword argument 'callbacks'
2024-12-08 04:47:36,610 - ModelTrainer - ERROR - Error in XGBoost trial 72: XGBModel.fit() got an unexpected keyword argument 'callbacks'
2024-12-08 04:47:36,611 - ModelTrainer - ERROR - Error in XGBoost trial 71: XGBModel.fit() got an unexpected keyword argument 'callbacks'
2024-12-08 04:47:36,621 - ModelTrainer - ERROR - Error in XGBoost trial 73: XGBModel.fit() got an unexpected keyword argument 'callbacks'
2024-12-08 04:47:36,683 - ModelTrainer - ERROR - Error in XGBoost trial 75: XGBModel.fit() got an unexpected keyword argument 'callbacks'
2024-12-08 04:47:36,692 - ModelTrainer - ERROR - Error in XGBoost trial 74: XGBModel.fit() got an unexpected keyword argument 'callbacks'
2024-12-08 04:47:36,710 - ModelTrainer - ERROR - Error in XGBoost trial 76: XGBModel.fit() got an unexpected keyword argument 'callbacks'
2024-12-08 04:47:36,748 - ModelTrainer - ERROR - Error in XGBoost trial 77: XGBModel.fit() got an unexpected keyword argument 'callbacks'
2024-12-08 04:47:36,820 - ModelTrainer - ERROR - Error in XGBoost trial 82: XGBModel.fit() got an unexpected keyword argument 'callbacks'
2024-12-08 04:47:36,822 - ModelTrainer - ERROR - Error in XGBoost trial 80: XGBModel.fit() got an unexpected keyword argument 'callbacks'
2024-12-08 04:47:36,823 - ModelTrainer - ERROR - Error in XGBoost trial 81: XGBModel.fit() got an unexpected keyword argument 'callbacks'
2024-12-08 04:47:36,831 - ModelTrainer - ERROR - Error in XGBoost trial 79: XGBModel.fit() got an unexpected keyword argument 'callbacks'
2024-12-08 04:47:36,845 - ModelTrainer - ERROR - Error in XGBoost trial 78: XGBModel.fit() got an unexpected keyword argument 'callbacks'
2024-12-08 04:47:36,851 - ModelTrainer - ERROR - Error in XGBoost trial 83: XGBModel.fit() got an unexpected keyword argument 'callbacks'
2024-12-08 04:47:36,853 - ModelTrainer - ERROR - Error in XGBoost trial 84: XGBModel.fit() got an unexpected keyword argument 'callbacks'
2024-12-08 04:47:36,887 - ModelTrainer - ERROR - Error in XGBoost trial 85: XGBModel.fit() got an unexpected keyword argument 'callbacks'
2024-12-08 04:47:37,004 - ModelTrainer - ERROR - Error in XGBoost trial 86: XGBModel.fit() got an unexpected keyword argument 'callbacks'
2024-12-08 04:47:37,016 - ModelTrainer - ERROR - Error in XGBoost trial 87: XGBModel.fit() got an unexpected keyword argument 'callbacks'
2024-12-08 04:47:37,062 - ModelTrainer - ERROR - Error in XGBoost trial 89: XGBModel.fit() got an unexpected keyword argument 'callbacks'
2024-12-08 04:47:37,100 - ModelTrainer - ERROR - Error in XGBoost trial 88: XGBModel.fit() got an unexpected keyword argument 'callbacks'
2024-12-08 04:47:37,132 - ModelTrainer - ERROR - Error in XGBoost trial 91: XGBModel.fit() got an unexpected keyword argument 'callbacks'
2024-12-08 04:47:37,183 - ModelTrainer - ERROR - Error in XGBoost trial 92: XGBModel.fit() got an unexpected keyword argument 'callbacks'
2024-12-08 04:47:37,186 - ModelTrainer - ERROR - Error in XGBoost trial 90: XGBModel.fit() got an unexpected keyword argument 'callbacks'
2024-12-08 04:47:37,265 - ModelTrainer - ERROR - Error in XGBoost trial 94: XGBModel.fit() got an unexpected keyword argument 'callbacks'
2024-12-08 04:47:37,272 - ModelTrainer - ERROR - Error in XGBoost trial 93: XGBModel.fit() got an unexpected keyword argument 'callbacks'
2024-12-08 04:47:37,319 - ModelTrainer - ERROR - Error in XGBoost trial 99: XGBModel.fit() got an unexpected keyword argument 'callbacks'
2024-12-08 04:47:37,319 - ModelTrainer - ERROR - Error in XGBoost trial 97: XGBModel.fit() got an unexpected keyword argument 'callbacks'
2024-12-08 04:47:37,319 - ModelTrainer - ERROR - Error in XGBoost trial 96: XGBModel.fit() got an unexpected keyword argument 'callbacks'
2024-12-08 04:47:37,321 - ModelTrainer - ERROR - Error in XGBoost trial 95: XGBModel.fit() got an unexpected keyword argument 'callbacks'
2024-12-08 04:47:37,327 - ModelTrainer - ERROR - Error in XGBoost trial 98: XGBModel.fit() got an unexpected keyword argument 'callbacks'
2024-12-08 04:47:37,525 - ModelTrainer - ERROR - Error during xgboost optimization: No trials are completed yet.
2024-12-08 04:47:37,527 - ModelTrainer - ERROR - Traceback (most recent call last):
  File "C:\Users\prite\Desktop\mlops-timeseries\mlops_timeseries\models\trainer.py", line 525, in train_models
    if study.best_trial is not None:
       ^^^^^^^^^^^^^^^^
  File "C:\Users\prite\Desktop\mlops-timeseries\.venv\Lib\site-packages\optuna\study\study.py", line 162, in best_trial
    best_trial = self._storage.get_best_trial(self._study_id)
                 ^^^^^^^^^^^^^^^^^^^^^^^^^^^^^^^^^^^^^^^^^^^^
  File "C:\Users\prite\Desktop\mlops-timeseries\.venv\Lib\site-packages\optuna\storages\_in_memory.py", line 249, in get_best_trial
    raise ValueError("No trials are completed yet.")
ValueError: No trials are completed yet.

2024-12-08 04:47:37,527 - ModelTrainer - WARNING - Falling back to default parameters for xgboost
2024-12-08 04:47:37,593 - ModelTrainer - INFO - Training final xgboost model with MAPIE...
2024-12-08 04:47:37,619 - ModelTrainer - ERROR - Error in xgboost training: XGBModel.fit() got an unexpected keyword argument 'callbacks'
2024-12-08 04:47:37,620 - ModelTrainer - ERROR - Traceback (most recent call last):
  File "C:\Users\prite\Desktop\mlops-timeseries\mlops_timeseries\models\trainer.py", line 525, in train_models
    if study.best_trial is not None:
       ^^^^^^^^^^^^^^^^
  File "C:\Users\prite\Desktop\mlops-timeseries\.venv\Lib\site-packages\optuna\study\study.py", line 162, in best_trial
    best_trial = self._storage.get_best_trial(self._study_id)
                 ^^^^^^^^^^^^^^^^^^^^^^^^^^^^^^^^^^^^^^^^^^^^
  File "C:\Users\prite\Desktop\mlops-timeseries\.venv\Lib\site-packages\optuna\storages\_in_memory.py", line 249, in get_best_trial
    raise ValueError("No trials are completed yet.")
ValueError: No trials are completed yet.

During handling of the above exception, another exception occurred:

Traceback (most recent call last):
  File "C:\Users\prite\Desktop\mlops-timeseries\mlops_timeseries\models\trainer.py", line 354, in train_model_with_mapie
    model.fit(
  File "C:\Users\prite\Desktop\mlops-timeseries\.venv\Lib\site-packages\xgboost\core.py", line 726, in inner_f
    return func(**kwargs)
           ^^^^^^^^^^^^^^
TypeError: XGBModel.fit() got an unexpected keyword argument 'callbacks'

2024-12-08 04:47:37,621 - ModelTrainer - ERROR - Error in model training pipeline
2024-12-08 04:47:37,622 - ModelTrainer - ERROR - Traceback (most recent call last):
  File "C:\Users\prite\Desktop\mlops-timeseries\mlops_timeseries\models\trainer.py", line 525, in train_models
    if study.best_trial is not None:
       ^^^^^^^^^^^^^^^^
  File "C:\Users\prite\Desktop\mlops-timeseries\.venv\Lib\site-packages\optuna\study\study.py", line 162, in best_trial
    best_trial = self._storage.get_best_trial(self._study_id)
                 ^^^^^^^^^^^^^^^^^^^^^^^^^^^^^^^^^^^^^^^^^^^^
  File "C:\Users\prite\Desktop\mlops-timeseries\.venv\Lib\site-packages\optuna\storages\_in_memory.py", line 249, in get_best_trial
    raise ValueError("No trials are completed yet.")
ValueError: No trials are completed yet.

During handling of the above exception, another exception occurred:

Traceback (most recent call last):
  File "C:\Users\prite\Desktop\mlops-timeseries\mlops_timeseries\models\trainer.py", line 563, in train_models
    self.train_model_with_mapie(model_type, default_params[model_type].copy())
  File "C:\Users\prite\Desktop\mlops-timeseries\mlops_timeseries\models\trainer.py", line 354, in train_model_with_mapie
    model.fit(
  File "C:\Users\prite\Desktop\mlops-timeseries\.venv\Lib\site-packages\xgboost\core.py", line 726, in inner_f
    return func(**kwargs)
           ^^^^^^^^^^^^^^
TypeError: XGBModel.fit() got an unexpected keyword argument 'callbacks'

