2024-12-08 03:18:46,995 - ModelTrainer - INFO - Initialized ModelTrainer with 100 trials and 15 workers
2024-12-08 03:18:46,995 - ModelTrainer - INFO - Starting overnight training pipeline...
2024-12-08 03:18:46,995 - ModelTrainer - INFO - Loading data...
2024-12-08 03:18:47,505 - ModelTrainer - INFO - Data loaded in 0.51 seconds
2024-12-08 03:18:47,506 - ModelTrainer - INFO - Train shape: (2431886, 20)
2024-12-08 03:18:47,506 - ModelTrainer - INFO - Valid shape: (256128, 20)
2024-12-08 03:18:47,506 - ModelTrainer - INFO - Test shape: (256157, 20)
2024-12-08 03:18:47,506 - ModelTrainer - INFO - Features: ['hour', 'day_of_week', 'month', 'is_weekend', 'temperature_2m', 'relative_humidity_2m', 'wind_speed_10m', 'building_class_encoded', 'cluster_size', 'demand_lag_24h', 'demand_lag_168h', 'demand_rolling_mean_24h']
2024-12-08 03:18:47,593 - ModelTrainer - INFO - 
Optimizing lightgbm...
2024-12-08 03:18:47,645 - ModelTrainer - INFO - Current memory usage: 946.38 MB
2024-12-08 03:20:28,571 - ModelTrainer - DEBUG - LightGBM trial 5: score=189.6347, time=100.54s, params={'objective': 'regression', 'metric': 'mae', 'boosting_type': 'gbdt', 'num_leaves': 20, 'learning_rate': 0.03251842261737533, 'feature_fraction': 0.8366601407898406, 'bagging_fraction': 0.9960671616073167, 'min_child_samples': 16, 'reg_alpha': 0.00023483049968722194, 'reg_lambda': 1.0393998822685742e-06}
2024-12-08 03:20:37,920 - ModelTrainer - DEBUG - LightGBM trial 0: score=194.8185, time=110.27s, params={'objective': 'regression', 'metric': 'mae', 'boosting_type': 'gbdt', 'num_leaves': 22, 'learning_rate': 0.02860321200013899, 'feature_fraction': 0.742892189240512, 'bagging_fraction': 0.9563396213842856, 'min_child_samples': 17, 'reg_alpha': 1.2763263893999064e-06, 'reg_lambda': 3.740368637588667e-05}
2024-12-08 03:20:41,635 - ModelTrainer - DEBUG - LightGBM trial 9: score=181.7462, time=113.22s, params={'objective': 'regression', 'metric': 'mae', 'boosting_type': 'gbdt', 'num_leaves': 25, 'learning_rate': 0.06757350067931474, 'feature_fraction': 0.9435294688188566, 'bagging_fraction': 0.6248782726056916, 'min_child_samples': 49, 'reg_alpha': 1.54392667185132e-07, 'reg_lambda': 5.051962370545885}
2024-12-08 03:20:49,064 - ModelTrainer - DEBUG - LightGBM trial 3: score=202.3830, time=121.23s, params={'objective': 'regression', 'metric': 'mae', 'boosting_type': 'gbdt', 'num_leaves': 25, 'learning_rate': 0.02589217030467961, 'feature_fraction': 0.6422663795405341, 'bagging_fraction': 0.6701466591131797, 'min_child_samples': 10, 'reg_alpha': 0.00012059588132419612, 'reg_lambda': 1.1374053584734421e-05}
2024-12-08 03:20:50,805 - ModelTrainer - DEBUG - LightGBM trial 2: score=188.4442, time=123.07s, params={'objective': 'regression', 'metric': 'mae', 'boosting_type': 'gbdt', 'num_leaves': 26, 'learning_rate': 0.040772716154481865, 'feature_fraction': 0.6672222057904955, 'bagging_fraction': 0.7015700468591509, 'min_child_samples': 23, 'reg_alpha': 3.4739726435761284e-07, 'reg_lambda': 0.0045734475418123}
2024-12-08 03:20:54,140 - ModelTrainer - DEBUG - LightGBM trial 8: score=180.6057, time=125.74s, params={'objective': 'regression', 'metric': 'mae', 'boosting_type': 'gbdt', 'num_leaves': 27, 'learning_rate': 0.06422647453867128, 'feature_fraction': 0.9527806592217803, 'bagging_fraction': 0.9174195033675451, 'min_child_samples': 25, 'reg_alpha': 0.4772914861096645, 'reg_lambda': 0.008178555713590203}
2024-12-08 03:20:58,225 - ModelTrainer - DEBUG - LightGBM trial 6: score=191.5052, time=130.14s, params={'objective': 'regression', 'metric': 'mae', 'boosting_type': 'gbdt', 'num_leaves': 30, 'learning_rate': 0.027791816176641955, 'feature_fraction': 0.9311276877162132, 'bagging_fraction': 0.6127659448581717, 'min_child_samples': 49, 'reg_alpha': 4.0777413522114005e-08, 'reg_lambda': 8.504496651172052e-05}
2024-12-08 03:21:05,653 - ModelTrainer - DEBUG - LightGBM trial 1: score=186.2196, time=137.93s, params={'objective': 'regression', 'metric': 'mae', 'boosting_type': 'gbdt', 'num_leaves': 33, 'learning_rate': 0.07226654836802246, 'feature_fraction': 0.665296484792508, 'bagging_fraction': 0.6465343389721313, 'min_child_samples': 35, 'reg_alpha': 5.0666355009994634e-08, 'reg_lambda': 0.021806882377896485}
2024-12-08 03:21:08,504 - ModelTrainer - DEBUG - LightGBM trial 14: score=183.8450, time=139.33s, params={'objective': 'regression', 'metric': 'mae', 'boosting_type': 'gbdt', 'num_leaves': 36, 'learning_rate': 0.09391569348854065, 'feature_fraction': 0.7528403756870955, 'bagging_fraction': 0.9906248219754493, 'min_child_samples': 11, 'reg_alpha': 1.2974022281971334, 'reg_lambda': 0.00459314205290897}
2024-12-08 03:21:40,113 - ModelTrainer - DEBUG - LightGBM trial 7: score=183.1153, time=171.84s, params={'objective': 'regression', 'metric': 'mae', 'boosting_type': 'gbdt', 'num_leaves': 56, 'learning_rate': 0.07469833351141555, 'feature_fraction': 0.9189738049575973, 'bagging_fraction': 0.9554478950713107, 'min_child_samples': 19, 'reg_alpha': 1.0458412582943967e-05, 'reg_lambda': 6.391703593258492e-07}
2024-12-08 03:21:58,982 - ModelTrainer - DEBUG - LightGBM trial 10: score=182.3912, time=190.49s, params={'objective': 'regression', 'metric': 'mae', 'boosting_type': 'gbdt', 'num_leaves': 67, 'learning_rate': 0.058445910772219604, 'feature_fraction': 0.9207753718234858, 'bagging_fraction': 0.9119720184518301, 'min_child_samples': 26, 'reg_alpha': 1.2854421375148948e-05, 'reg_lambda': 6.019761487150174e-08}
2024-12-08 03:22:02,255 - ModelTrainer - DEBUG - LightGBM trial 11: score=182.2886, time=193.53s, params={'objective': 'regression', 'metric': 'mae', 'boosting_type': 'gbdt', 'num_leaves': 66, 'learning_rate': 0.053751049371681334, 'feature_fraction': 0.9196537379121493, 'bagging_fraction': 0.6254209573955759, 'min_child_samples': 34, 'reg_alpha': 4.8925442760545014e-05, 'reg_lambda': 0.0044335337220410675}
2024-12-08 03:22:31,860 - ModelTrainer - DEBUG - LightGBM trial 15: score=183.1188, time=123.17s, params={'objective': 'regression', 'metric': 'mae', 'boosting_type': 'gbdt', 'num_leaves': 37, 'learning_rate': 0.07026661818021415, 'feature_fraction': 0.8087591159937493, 'bagging_fraction': 0.8897765249960833, 'min_child_samples': 24, 'reg_alpha': 9.17235668997428, 'reg_lambda': 3.592086358889158e-08}
2024-12-08 03:22:31,867 - ModelTrainer - DEBUG - LightGBM trial 18: score=187.2914, time=102.69s, params={'objective': 'regression', 'metric': 'mae', 'boosting_type': 'gbdt', 'num_leaves': 26, 'learning_rate': 0.045235526789290104, 'feature_fraction': 0.6838277614369838, 'bagging_fraction': 0.891940126532869, 'min_child_samples': 45, 'reg_alpha': 0.01242533940722856, 'reg_lambda': 1.3941860730382365e-06}
2024-12-08 03:22:34,958 - ModelTrainer - DEBUG - LightGBM trial 4: score=197.0061, time=227.01s, params={'objective': 'regression', 'metric': 'mae', 'boosting_type': 'gbdt', 'num_leaves': 87, 'learning_rate': 0.033670497893626354, 'feature_fraction': 0.64399250375157, 'bagging_fraction': 0.6526471911079416, 'min_child_samples': 35, 'reg_alpha': 0.019483995570581614, 'reg_lambda': 0.0023670014282505068}
2024-12-08 03:22:40,490 - ModelTrainer - DEBUG - LightGBM trial 13: score=244.6091, time=231.51s, params={'objective': 'regression', 'metric': 'mae', 'boosting_type': 'gbdt', 'num_leaves': 90, 'learning_rate': 0.013957811712379399, 'feature_fraction': 0.6427913052843196, 'bagging_fraction': 0.8597128427488235, 'min_child_samples': 36, 'reg_alpha': 0.002149416106319378, 'reg_lambda': 0.0013645357782663826}
2024-12-08 03:22:53,190 - ModelTrainer - DEBUG - LightGBM trial 12: score=249.6030, time=244.28s, params={'objective': 'regression', 'metric': 'mae', 'boosting_type': 'gbdt', 'num_leaves': 99, 'learning_rate': 0.012281042550633656, 'feature_fraction': 0.7401295193131974, 'bagging_fraction': 0.6262753581933148, 'min_child_samples': 17, 'reg_alpha': 0.00018908365026422055, 'reg_lambda': 4.4415708849357785}
2024-12-08 03:23:06,116 - ModelTrainer - DEBUG - LightGBM trial 23: score=188.4749, time=117.48s, params={'objective': 'regression', 'metric': 'mae', 'boosting_type': 'gbdt', 'num_leaves': 32, 'learning_rate': 0.041125739183580715, 'feature_fraction': 0.700025638950978, 'bagging_fraction': 0.9451628687435948, 'min_child_samples': 14, 'reg_alpha': 3.1535478822967826e-08, 'reg_lambda': 0.0007562497001680186}
2024-12-08 03:23:07,760 - ModelTrainer - DEBUG - LightGBM trial 20: score=232.7854, time=133.49s, params={'objective': 'regression', 'metric': 'mae', 'boosting_type': 'gbdt', 'num_leaves': 41, 'learning_rate': 0.013921513604234681, 'feature_fraction': 0.9651232758549974, 'bagging_fraction': 0.8787025163247102, 'min_child_samples': 19, 'reg_alpha': 0.010335088829347994, 'reg_lambda': 4.853084026303353e-06}
2024-12-08 03:23:20,504 - ModelTrainer - DEBUG - LightGBM trial 17: score=201.8608, time=158.77s, params={'objective': 'regression', 'metric': 'mae', 'boosting_type': 'gbdt', 'num_leaves': 56, 'learning_rate': 0.021892957577312466, 'feature_fraction': 0.9016802822266698, 'bagging_fraction': 0.8391431944693372, 'min_child_samples': 34, 'reg_alpha': 2.6166985201641393e-06, 'reg_lambda': 7.669657896394318e-08}
2024-12-08 03:23:43,463 - ModelTrainer - DEBUG - LightGBM trial 19: score=268.1532, time=172.60s, params={'objective': 'regression', 'metric': 'mae', 'boosting_type': 'gbdt', 'num_leaves': 57, 'learning_rate': 0.010372800135152738, 'feature_fraction': 0.6039201151172523, 'bagging_fraction': 0.9051338263825073, 'min_child_samples': 48, 'reg_alpha': 0.03367237259097892, 'reg_lambda': 2.280982228624934e-06}
2024-12-08 03:23:53,841 - ModelTrainer - DEBUG - LightGBM trial 22: score=181.8881, time=168.05s, params={'objective': 'regression', 'metric': 'mae', 'boosting_type': 'gbdt', 'num_leaves': 59, 'learning_rate': 0.04066040619154664, 'feature_fraction': 0.9851362187306683, 'bagging_fraction': 0.9379996939707405, 'min_child_samples': 21, 'reg_alpha': 0.0007758330746229796, 'reg_lambda': 3.1542240013828278}
2024-12-08 03:23:58,893 - ModelTrainer - DEBUG - LightGBM trial 16: score=226.0894, time=200.85s, params={'objective': 'regression', 'metric': 'mae', 'boosting_type': 'gbdt', 'num_leaves': 78, 'learning_rate': 0.014976509708865727, 'feature_fraction': 0.9616709489322094, 'bagging_fraction': 0.8814659384562249, 'min_child_samples': 49, 'reg_alpha': 9.65284626568382e-06, 'reg_lambda': 0.2902600243308735}
2024-12-08 03:24:26,629 - ModelTrainer - DEBUG - LightGBM trial 26: score=241.8159, time=144.27s, params={'objective': 'regression', 'metric': 'mae', 'boosting_type': 'gbdt', 'num_leaves': 48, 'learning_rate': 0.012509384492836752, 'feature_fraction': 0.9905954902103064, 'bagging_fraction': 0.8212404264687762, 'min_child_samples': 50, 'reg_alpha': 0.057417593337451896, 'reg_lambda': 4.4361031944388385}
2024-12-08 03:24:29,774 - ModelTrainer - DEBUG - LightGBM trial 21: score=180.7641, time=211.29s, params={'objective': 'regression', 'metric': 'mae', 'boosting_type': 'gbdt', 'num_leaves': 94, 'learning_rate': 0.05417197430091935, 'feature_fraction': 0.9359981315288867, 'bagging_fraction': 0.8659709454711457, 'min_child_samples': 38, 'reg_alpha': 0.0004654949921205614, 'reg_lambda': 1.2556232764783654e-07}
2024-12-08 03:24:58,612 - ModelTrainer - DEBUG - LightGBM trial 29: score=237.2373, time=143.55s, params={'objective': 'regression', 'metric': 'mae', 'boosting_type': 'gbdt', 'num_leaves': 47, 'learning_rate': 0.013172149082625739, 'feature_fraction': 0.9950332927416052, 'bagging_fraction': 0.7590053739292177, 'min_child_samples': 44, 'reg_alpha': 0.015795397926043998, 'reg_lambda': 3.71632379315589}
2024-12-08 03:25:14,843 - ModelTrainer - DEBUG - LightGBM trial 30: score=248.0976, time=154.23s, params={'objective': 'regression', 'metric': 'mae', 'boosting_type': 'gbdt', 'num_leaves': 50, 'learning_rate': 0.011623137896500983, 'feature_fraction': 0.9966390005887495, 'bagging_fraction': 0.7653283501717139, 'min_child_samples': 43, 'reg_alpha': 0.04135594243686547, 'reg_lambda': 7.4711825722404175}
2024-12-08 03:25:17,160 - ModelTrainer - DEBUG - LightGBM trial 31: score=209.3986, time=143.86s, params={'objective': 'regression', 'metric': 'mae', 'boosting_type': 'gbdt', 'num_leaves': 47, 'learning_rate': 0.018958152602916733, 'feature_fraction': 0.9992494276331758, 'bagging_fraction': 0.7609648097612998, 'min_child_samples': 40, 'reg_alpha': 0.16946331883043553, 'reg_lambda': 8.26430030999872}
2024-12-08 03:25:21,248 - ModelTrainer - DEBUG - LightGBM trial 32: score=179.4907, time=135.02s, params={'objective': 'regression', 'metric': 'mae', 'boosting_type': 'gbdt', 'num_leaves': 45, 'learning_rate': 0.09106049730168833, 'feature_fraction': 0.9769406655925125, 'bagging_fraction': 0.8173116354708589, 'min_child_samples': 42, 'reg_alpha': 0.18153663473539858, 'reg_lambda': 6.249215704935103}
2024-12-08 03:25:29,118 - ModelTrainer - DEBUG - LightGBM trial 24: score=240.3238, time=228.91s, params={'objective': 'regression', 'metric': 'mae', 'boosting_type': 'gbdt', 'num_leaves': 97, 'learning_rate': 0.013027470569386301, 'feature_fraction': 0.845110967455857, 'bagging_fraction': 0.8515788565206522, 'min_child_samples': 31, 'reg_alpha': 0.38541455631706284, 'reg_lambda': 1.2883412825297626e-08}
2024-12-08 03:25:34,379 - ModelTrainer - DEBUG - LightGBM trial 34: score=181.2651, time=133.75s, params={'objective': 'regression', 'metric': 'mae', 'boosting_type': 'gbdt', 'num_leaves': 48, 'learning_rate': 0.09064423007109344, 'feature_fraction': 0.8665189380409856, 'bagging_fraction': 0.7384836393686137, 'min_child_samples': 40, 'reg_alpha': 0.4328755319057418, 'reg_lambda': 7.697576599798626}
2024-12-08 03:25:38,353 - ModelTrainer - DEBUG - LightGBM trial 33: score=210.4358, time=150.50s, params={'objective': 'regression', 'metric': 'mae', 'boosting_type': 'gbdt', 'num_leaves': 49, 'learning_rate': 0.01865153962591402, 'feature_fraction': 0.9943522299093126, 'bagging_fraction': 0.7649669383291157, 'min_child_samples': 42, 'reg_alpha': 0.6503670941628255, 'reg_lambda': 9.974987603984907}
2024-12-08 03:25:41,910 - ModelTrainer - DEBUG - LightGBM trial 25: score=238.2469, time=222.43s, params={'objective': 'regression', 'metric': 'mae', 'boosting_type': 'gbdt', 'num_leaves': 98, 'learning_rate': 0.012934289744418192, 'feature_fraction': 0.9991646141420645, 'bagging_fraction': 0.8134803802593078, 'min_child_samples': 43, 'reg_alpha': 0.07369053499141216, 'reg_lambda': 7.736235953752216}
2024-12-08 03:26:01,237 - ModelTrainer - DEBUG - LightGBM trial 28: score=215.0276, time=209.21s, params={'objective': 'regression', 'metric': 'mae', 'boosting_type': 'gbdt', 'num_leaves': 89, 'learning_rate': 0.01736145079825403, 'feature_fraction': 0.9927619503457983, 'bagging_fraction': 0.7730424082783597, 'min_child_samples': 40, 'reg_alpha': 0.01347673407531017, 'reg_lambda': 9.971924620431905}
2024-12-08 03:26:05,138 - ModelTrainer - DEBUG - LightGBM trial 27: score=228.7733, time=213.13s, params={'objective': 'regression', 'metric': 'mae', 'boosting_type': 'gbdt', 'num_leaves': 97, 'learning_rate': 0.014489646221163466, 'feature_fraction': 0.9991378723025988, 'bagging_fraction': 0.786286058450159, 'min_child_samples': 40, 'reg_alpha': 0.04175024199628528, 'reg_lambda': 4.412761228052493}
2024-12-08 03:26:12,892 - ModelTrainer - DEBUG - LightGBM trial 37: score=180.4678, time=133.84s, params={'objective': 'regression', 'metric': 'mae', 'boosting_type': 'gbdt', 'num_leaves': 46, 'learning_rate': 0.09686697243113516, 'feature_fraction': 0.9916380336568544, 'bagging_fraction': 0.760588928869465, 'min_child_samples': 29, 'reg_alpha': 0.20152294106072394, 'reg_lambda': 4.77066356063037}
2024-12-08 03:26:14,270 - ModelTrainer - DEBUG - LightGBM trial 36: score=179.4167, time=140.33s, params={'objective': 'regression', 'metric': 'mae', 'boosting_type': 'gbdt', 'num_leaves': 47, 'learning_rate': 0.09492288503789582, 'feature_fraction': 0.9989680242542934, 'bagging_fraction': 0.742886607572721, 'min_child_samples': 28, 'reg_alpha': 0.20101251971512538, 'reg_lambda': 2.467911002034492}
2024-12-08 03:26:40,428 - ModelTrainer - DEBUG - LightGBM trial 38: score=183.1420, time=133.22s, params={'objective': 'regression', 'metric': 'mae', 'boosting_type': 'gbdt', 'num_leaves': 45, 'learning_rate': 0.09567701401401384, 'feature_fraction': 0.8456681075308865, 'bagging_fraction': 0.7809535376447836, 'min_child_samples': 30, 'reg_alpha': 0.34207276335808673, 'reg_lambda': 0.5234628301962391}
2024-12-08 03:26:43,966 - ModelTrainer - DEBUG - LightGBM trial 35: score=179.9684, time=180.47s, params={'objective': 'regression', 'metric': 'mae', 'boosting_type': 'gbdt', 'num_leaves': 70, 'learning_rate': 0.053855000641640484, 'feature_fraction': 0.9982375779144299, 'bagging_fraction': 0.73219669191951, 'min_child_samples': 42, 'reg_alpha': 0.11049804148477614, 'reg_lambda': 0.8128579185753187}
2024-12-08 03:26:49,367 - ModelTrainer - DEBUG - LightGBM trial 39: score=182.2484, time=139.32s, params={'objective': 'regression', 'metric': 'mae', 'boosting_type': 'gbdt', 'num_leaves': 47, 'learning_rate': 0.09789880254750796, 'feature_fraction': 0.8694011122800264, 'bagging_fraction': 0.7715944030453105, 'min_child_samples': 41, 'reg_alpha': 0.5581110909265844, 'reg_lambda': 0.12254053767872689}
2024-12-08 03:27:45,309 - ModelTrainer - DEBUG - LightGBM trial 45: score=182.8053, time=130.81s, params={'objective': 'regression', 'metric': 'mae', 'boosting_type': 'gbdt', 'num_leaves': 42, 'learning_rate': 0.09786120807529511, 'feature_fraction': 0.8795232670392771, 'bagging_fraction': 0.7926730138926276, 'min_child_samples': 39, 'reg_alpha': 3.092456506616521, 'reg_lambda': 0.3605725163663641}
2024-12-08 03:27:49,449 - ModelTrainer - DEBUG - LightGBM trial 47: score=180.8781, time=127.31s, params={'objective': 'regression', 'metric': 'mae', 'boosting_type': 'gbdt', 'num_leaves': 41, 'learning_rate': 0.09846917799053843, 'feature_fraction': 0.8755008822060334, 'bagging_fraction': 0.7862039273587158, 'min_child_samples': 39, 'reg_alpha': 4.05932067469781, 'reg_lambda': 0.16445333388714065}
2024-12-08 03:27:50,620 - ModelTrainer - DEBUG - LightGBM trial 46: score=180.2363, time=132.15s, params={'objective': 'regression', 'metric': 'mae', 'boosting_type': 'gbdt', 'num_leaves': 41, 'learning_rate': 0.0977651553653196, 'feature_fraction': 0.8813708452920284, 'bagging_fraction': 0.8005133235339008, 'min_child_samples': 39, 'reg_alpha': 4.294358290296043, 'reg_lambda': 0.22318923807184057}
2024-12-08 03:27:55,793 - ModelTrainer - DEBUG - LightGBM trial 40: score=181.3664, time=177.00s, params={'objective': 'regression', 'metric': 'mae', 'boosting_type': 'gbdt', 'num_leaves': 75, 'learning_rate': 0.05340912046715578, 'feature_fraction': 0.8700035659232, 'bagging_fraction': 0.7730080123602829, 'min_child_samples': 40, 'reg_alpha': 0.26921952543463545, 'reg_lambda': 0.1212548215486856}
2024-12-08 03:28:10,585 - ModelTrainer - DEBUG - LightGBM trial 48: score=181.0899, time=129.04s, params={'objective': 'regression', 'metric': 'mae', 'boosting_type': 'gbdt', 'num_leaves': 41, 'learning_rate': 0.09568125731628609, 'feature_fraction': 0.8830664998016963, 'bagging_fraction': 0.7002927520806262, 'min_child_samples': 28, 'reg_alpha': 4.172893713443219, 'reg_lambda': 0.2451440604736882}
2024-12-08 03:28:11,679 - ModelTrainer - DEBUG - LightGBM trial 49: score=182.0206, time=126.44s, params={'objective': 'regression', 'metric': 'mae', 'boosting_type': 'gbdt', 'num_leaves': 41, 'learning_rate': 0.09922181313364632, 'feature_fraction': 0.8860397681631582, 'bagging_fraction': 0.698293171050917, 'min_child_samples': 28, 'reg_alpha': 5.557036244366596, 'reg_lambda': 0.19301283770113237}
2024-12-08 03:28:12,785 - ModelTrainer - DEBUG - LightGBM trial 41: score=181.5479, time=177.81s, params={'objective': 'regression', 'metric': 'mae', 'boosting_type': 'gbdt', 'num_leaves': 75, 'learning_rate': 0.09701427013674584, 'feature_fraction': 0.8708436421967121, 'bagging_fraction': 0.7900222394068057, 'min_child_samples': 39, 'reg_alpha': 0.5172866986600126, 'reg_lambda': 0.20496890190297515}
2024-12-08 03:28:15,743 - ModelTrainer - DEBUG - LightGBM trial 42: score=181.4172, time=178.43s, params={'objective': 'regression', 'metric': 'mae', 'boosting_type': 'gbdt', 'num_leaves': 74, 'learning_rate': 0.09134485827756134, 'feature_fraction': 0.86562915629041, 'bagging_fraction': 0.7925510541847526, 'min_child_samples': 29, 'reg_alpha': 0.23104148551628734, 'reg_lambda': 0.0708983342800839}
2024-12-08 03:28:19,958 - ModelTrainer - DEBUG - LightGBM trial 43: score=180.9303, time=178.49s, params={'objective': 'regression', 'metric': 'mae', 'boosting_type': 'gbdt', 'num_leaves': 75, 'learning_rate': 0.08499024517253624, 'feature_fraction': 0.867912174559529, 'bagging_fraction': 0.8261795764878496, 'min_child_samples': 30, 'reg_alpha': 0.4928989877403989, 'reg_lambda': 0.09032214770743197}
2024-12-08 03:28:25,236 - ModelTrainer - DEBUG - LightGBM trial 50: score=182.0546, time=132.30s, params={'objective': 'regression', 'metric': 'mae', 'boosting_type': 'gbdt', 'num_leaves': 42, 'learning_rate': 0.08266374014030574, 'feature_fraction': 0.8749068875439899, 'bagging_fraction': 0.7257825552628296, 'min_child_samples': 28, 'reg_alpha': 3.6288456079007543, 'reg_lambda': 0.12672162002059437}
2024-12-08 03:28:30,417 - ModelTrainer - DEBUG - LightGBM trial 51: score=182.1820, time=135.65s, params={'objective': 'regression', 'metric': 'mae', 'boosting_type': 'gbdt', 'num_leaves': 41, 'learning_rate': 0.08423755508878955, 'feature_fraction': 0.8830621118540732, 'bagging_fraction': 0.7082131763954672, 'min_child_samples': 28, 'reg_alpha': 6.274083508030898, 'reg_lambda': 0.4410366503625675}
2024-12-08 03:28:30,582 - ModelTrainer - DEBUG - LightGBM trial 44: score=182.0726, time=181.16s, params={'objective': 'regression', 'metric': 'mae', 'boosting_type': 'gbdt', 'num_leaves': 75, 'learning_rate': 0.09606924665649128, 'feature_fraction': 0.8934242479189785, 'bagging_fraction': 0.7963967925613878, 'min_child_samples': 39, 'reg_alpha': 8.080631126937257, 'reg_lambda': 0.07665451956626515}
2024-12-08 03:28:45,969 - ModelTrainer - DEBUG - LightGBM trial 52: score=180.9264, time=125.45s, params={'objective': 'regression', 'metric': 'mae', 'boosting_type': 'gbdt', 'num_leaves': 41, 'learning_rate': 0.07827277808210972, 'feature_fraction': 0.8799764470922766, 'bagging_fraction': 0.70496314275619, 'min_child_samples': 27, 'reg_alpha': 5.045866696366437, 'reg_lambda': 0.08951998399127879}
2024-12-08 03:29:36,066 - ModelTrainer - DEBUG - LightGBM trial 54: score=181.6245, time=166.57s, params={'objective': 'regression', 'metric': 'mae', 'boosting_type': 'gbdt', 'num_leaves': 65, 'learning_rate': 0.08201701990287384, 'feature_fraction': 0.8950234227642933, 'bagging_fraction': 0.7062623761315916, 'min_child_samples': 29, 'reg_alpha': 4.382108690069158, 'reg_lambda': 0.05313773834626589}
2024-12-08 03:29:50,428 - ModelTrainer - DEBUG - LightGBM trial 53: score=182.3832, time=186.35s, params={'objective': 'regression', 'metric': 'mae', 'boosting_type': 'gbdt', 'num_leaves': 75, 'learning_rate': 0.08153530189849516, 'feature_fraction': 0.8828763917392196, 'bagging_fraction': 0.7039406898332534, 'min_child_samples': 27, 'reg_alpha': 6.367398145102714, 'reg_lambda': 0.11577014387107992}
2024-12-08 03:30:36,473 - ModelTrainer - DEBUG - LightGBM trial 58: score=179.4139, time=160.59s, params={'objective': 'regression', 'metric': 'mae', 'boosting_type': 'gbdt', 'num_leaves': 64, 'learning_rate': 0.08398184726046998, 'feature_fraction': 0.9678210287774532, 'bagging_fraction': 0.7049299759344291, 'min_child_samples': 46, 'reg_alpha': 1.585973317789774, 'reg_lambda': 0.7107442925767555}
2024-12-08 03:30:39,487 - ModelTrainer - DEBUG - LightGBM trial 55: score=179.2538, time=174.09s, params={'objective': 'regression', 'metric': 'mae', 'boosting_type': 'gbdt', 'num_leaves': 74, 'learning_rate': 0.08117068976484287, 'feature_fraction': 0.9606918288996489, 'bagging_fraction': 0.7135633799777548, 'min_child_samples': 27, 'reg_alpha': 1.8009449344093251, 'reg_lambda': 0.03263650526599934}
2024-12-08 03:30:43,610 - ModelTrainer - DEBUG - LightGBM trial 57: score=179.0248, time=172.66s, params={'objective': 'regression', 'metric': 'mae', 'boosting_type': 'gbdt', 'num_leaves': 68, 'learning_rate': 0.08428598147191037, 'feature_fraction': 0.9669612801420117, 'bagging_fraction': 0.7032092348180058, 'min_child_samples': 29, 'reg_alpha': 1.6097522989379718, 'reg_lambda': 0.9261782263542191}
2024-12-08 03:30:43,812 - ModelTrainer - DEBUG - LightGBM trial 63: score=180.2633, time=143.74s, params={'objective': 'regression', 'metric': 'mae', 'boosting_type': 'gbdt', 'num_leaves': 53, 'learning_rate': 0.07872569726186847, 'feature_fraction': 0.9744501355589364, 'bagging_fraction': 0.7382849961032584, 'min_child_samples': 47, 'reg_alpha': 0.0024553062860576172, 'reg_lambda': 1.2734480384896871}
2024-12-08 03:30:44,012 - ModelTrainer - DEBUG - LightGBM trial 64: score=180.1106, time=138.26s, params={'objective': 'regression', 'metric': 'mae', 'boosting_type': 'gbdt', 'num_leaves': 52, 'learning_rate': 0.07791302083923002, 'feature_fraction': 0.9699532154630351, 'bagging_fraction': 0.6675806434379099, 'min_child_samples': 47, 'reg_alpha': 0.004763486729324544, 'reg_lambda': 1.1332930964722014}
2024-12-08 03:30:47,543 - ModelTrainer - DEBUG - LightGBM trial 56: score=179.5372, time=177.64s, params={'objective': 'regression', 'metric': 'mae', 'boosting_type': 'gbdt', 'num_leaves': 75, 'learning_rate': 0.08004011431457658, 'feature_fraction': 0.9635496043261473, 'bagging_fraction': 0.6954445926874057, 'min_child_samples': 28, 'reg_alpha': 0.0021336642086962994, 'reg_lambda': 1.0876197043713507}
2024-12-08 03:30:48,718 - ModelTrainer - DEBUG - LightGBM trial 59: score=179.7816, time=158.02s, params={'objective': 'regression', 'metric': 'mae', 'boosting_type': 'gbdt', 'num_leaves': 62, 'learning_rate': 0.08106021732486544, 'feature_fraction': 0.9578931650047549, 'bagging_fraction': 0.7237873727532551, 'min_child_samples': 30, 'reg_alpha': 0.0032848292378689346, 'reg_lambda': 1.3508285122924089}
2024-12-08 03:30:48,814 - ModelTrainer - DEBUG - LightGBM trial 60: score=179.6103, time=157.05s, params={'objective': 'regression', 'metric': 'mae', 'boosting_type': 'gbdt', 'num_leaves': 66, 'learning_rate': 0.08094209431573579, 'feature_fraction': 0.9670358918112253, 'bagging_fraction': 0.7288775786480369, 'min_child_samples': 32, 'reg_alpha': 0.0030941488383340317, 'reg_lambda': 1.2111712953493539}
2024-12-08 03:30:53,643 - ModelTrainer - DEBUG - LightGBM trial 62: score=179.3219, time=157.73s, params={'objective': 'regression', 'metric': 'mae', 'boosting_type': 'gbdt', 'num_leaves': 64, 'learning_rate': 0.07855805541668108, 'feature_fraction': 0.9686209141101627, 'bagging_fraction': 0.7280504583896471, 'min_child_samples': 33, 'reg_alpha': 0.0036693675455862084, 'reg_lambda': 0.9993045681405206}
2024-12-08 03:30:58,077 - ModelTrainer - DEBUG - LightGBM trial 61: score=179.5513, time=165.15s, params={'objective': 'regression', 'metric': 'mae', 'boosting_type': 'gbdt', 'num_leaves': 65, 'learning_rate': 0.07983871547771786, 'feature_fraction': 0.9709362642576845, 'bagging_fraction': 0.725686753732824, 'min_child_samples': 46, 'reg_alpha': 1.6069427040347446, 'reg_lambda': 1.4558012901963002}
2024-12-08 03:31:12,254 - ModelTrainer - DEBUG - LightGBM trial 66: score=179.5321, time=161.55s, params={'objective': 'regression', 'metric': 'mae', 'boosting_type': 'gbdt', 'num_leaves': 65, 'learning_rate': 0.06514909127701743, 'feature_fraction': 0.9569415791937883, 'bagging_fraction': 0.7379308914892684, 'min_child_samples': 24, 'reg_alpha': 1.5410044262629021, 'reg_lambda': 1.3272791040733487}
2024-12-08 03:31:15,295 - ModelTrainer - DEBUG - LightGBM trial 65: score=179.6832, time=164.76s, params={'objective': 'regression', 'metric': 'mae', 'boosting_type': 'gbdt', 'num_leaves': 65, 'learning_rate': 0.06348281489412241, 'feature_fraction': 0.9635074715287218, 'bagging_fraction': 0.6716369255909717, 'min_child_samples': 32, 'reg_alpha': 1.5890039780147045, 'reg_lambda': 1.255098098685034}
2024-12-08 03:31:31,186 - ModelTrainer - DEBUG - LightGBM trial 67: score=179.6503, time=165.13s, params={'objective': 'regression', 'metric': 'mae', 'boosting_type': 'gbdt', 'num_leaves': 64, 'learning_rate': 0.06762485515245618, 'feature_fraction': 0.9631403305940339, 'bagging_fraction': 0.6747845309194748, 'min_child_samples': 24, 'reg_alpha': 1.3070586173007563, 'reg_lambda': 1.1877191879052955}
2024-12-08 03:31:55,821 - ModelTrainer - DEBUG - LightGBM trial 68: score=179.7230, time=139.66s, params={'objective': 'regression', 'metric': 'mae', 'boosting_type': 'gbdt', 'num_leaves': 54, 'learning_rate': 0.06826893411909339, 'feature_fraction': 0.962553132385876, 'bagging_fraction': 0.6664384019630091, 'min_child_samples': 24, 'reg_alpha': 1.4132048342384362, 'reg_lambda': 1.3402932462605266}
2024-12-08 03:32:08,529 - ModelTrainer - DEBUG - LightGBM trial 69: score=179.8697, time=138.03s, params={'objective': 'regression', 'metric': 'mae', 'boosting_type': 'gbdt', 'num_leaves': 53, 'learning_rate': 0.07049073347554291, 'feature_fraction': 0.9654183076472651, 'bagging_fraction': 0.6750623646816166, 'min_child_samples': 24, 'reg_alpha': 1.3802040369221142, 'reg_lambda': 1.750058956544444}
2024-12-08 03:32:53,356 - ModelTrainer - DEBUG - LightGBM trial 70: score=179.9419, time=136.68s, params={'objective': 'regression', 'metric': 'mae', 'boosting_type': 'gbdt', 'num_leaves': 54, 'learning_rate': 0.06109048160841422, 'feature_fraction': 0.9702932976892066, 'bagging_fraction': 0.6738795575477761, 'min_child_samples': 46, 'reg_alpha': 0.006054659131617122, 'reg_lambda': 1.227134972035282}
2024-12-08 03:33:22,564 - ModelTrainer - DEBUG - LightGBM trial 72: score=179.7299, time=158.79s, params={'objective': 'regression', 'metric': 'mae', 'boosting_type': 'gbdt', 'num_leaves': 70, 'learning_rate': 0.06172736195090104, 'feature_fraction': 0.9705630019363928, 'bagging_fraction': 0.6805447799920029, 'min_child_samples': 46, 'reg_alpha': 1.3227060273770304, 'reg_lambda': 1.0407792481445934}
2024-12-08 03:33:23,169 - ModelTrainer - DEBUG - LightGBM trial 73: score=179.5598, time=159.20s, params={'objective': 'regression', 'metric': 'mae', 'boosting_type': 'gbdt', 'num_leaves': 69, 'learning_rate': 0.06430096804789089, 'feature_fraction': 0.9516587132685559, 'bagging_fraction': 0.6660808552517832, 'min_child_samples': 23, 'reg_alpha': 1.4688368545597468, 'reg_lambda': 1.2790737141163053}
2024-12-08 03:33:26,523 - ModelTrainer - DEBUG - LightGBM trial 71: score=179.5352, time=166.82s, params={'objective': 'regression', 'metric': 'mae', 'boosting_type': 'gbdt', 'num_leaves': 81, 'learning_rate': 0.06253899609268573, 'feature_fraction': 0.9729941958010632, 'bagging_fraction': 0.6729878134442169, 'min_child_samples': 46, 'reg_alpha': 1.9334816042021314, 'reg_lambda': 1.1905383079399015}
2024-12-08 03:33:35,330 - ModelTrainer - DEBUG - LightGBM trial 76: score=181.7092, time=166.15s, params={'objective': 'regression', 'metric': 'mae', 'boosting_type': 'gbdt', 'num_leaves': 80, 'learning_rate': 0.06510376952570883, 'feature_fraction': 0.9374828508371964, 'bagging_fraction': 0.6844952706254299, 'min_child_samples': 32, 'reg_alpha': 1.8233132336106546, 'reg_lambda': 0.02060973195237052}
2024-12-08 03:33:41,393 - ModelTrainer - DEBUG - LightGBM trial 75: score=180.7575, time=173.41s, params={'objective': 'regression', 'metric': 'mae', 'boosting_type': 'gbdt', 'num_leaves': 82, 'learning_rate': 0.0646854588013161, 'feature_fraction': 0.9483045320613801, 'bagging_fraction': 0.6675471937014436, 'min_child_samples': 23, 'reg_alpha': 1.9585186686582654, 'reg_lambda': 1.311092430603086}
2024-12-08 03:33:43,707 - ModelTrainer - DEBUG - LightGBM trial 77: score=181.2808, time=174.51s, params={'objective': 'regression', 'metric': 'mae', 'boosting_type': 'gbdt', 'num_leaves': 83, 'learning_rate': 0.06526435184763056, 'feature_fraction': 0.9456774849028642, 'bagging_fraction': 0.6807067171799458, 'min_child_samples': 32, 'reg_alpha': 1.5436343304963975, 'reg_lambda': 0.03206837027858823}
2024-12-08 03:33:44,939 - ModelTrainer - DEBUG - LightGBM trial 78: score=181.0683, time=171.26s, params={'objective': 'regression', 'metric': 'mae', 'boosting_type': 'gbdt', 'num_leaves': 82, 'learning_rate': 0.0626374314515173, 'feature_fraction': 0.9448216710729141, 'bagging_fraction': 0.6802116447261686, 'min_child_samples': 24, 'reg_alpha': 1.346390595071888, 'reg_lambda': 0.03472695392203936}
2024-12-08 03:33:47,975 - ModelTrainer - DEBUG - LightGBM trial 74: score=181.8916, time=183.77s, params={'objective': 'regression', 'metric': 'mae', 'boosting_type': 'gbdt', 'num_leaves': 82, 'learning_rate': 0.06580842697375008, 'feature_fraction': 0.9486548578697114, 'bagging_fraction': 0.6689095665422427, 'min_child_samples': 33, 'reg_alpha': 1.4468835921998118, 'reg_lambda': 0.017223239041671272}
2024-12-08 03:33:56,537 - ModelTrainer - DEBUG - LightGBM trial 79: score=181.2841, time=178.38s, params={'objective': 'regression', 'metric': 'mae', 'boosting_type': 'gbdt', 'num_leaves': 83, 'learning_rate': 0.06432426165959687, 'feature_fraction': 0.93168069032018, 'bagging_fraction': 0.6822336842438315, 'min_child_samples': 23, 'reg_alpha': 1.5018055371464274, 'reg_lambda': 0.020821979403206365}
2024-12-08 03:34:01,954 - ModelTrainer - DEBUG - LightGBM trial 81: score=181.3397, time=166.56s, params={'objective': 'regression', 'metric': 'mae', 'boosting_type': 'gbdt', 'num_leaves': 80, 'learning_rate': 0.07220475673960855, 'feature_fraction': 0.9443588141395466, 'bagging_fraction': 0.6820013019130327, 'min_child_samples': 23, 'reg_alpha': 0.9057944679918389, 'reg_lambda': 0.018156812318849195}
2024-12-08 03:34:09,446 - ModelTrainer - DEBUG - LightGBM trial 80: score=181.4722, time=177.10s, params={'objective': 'regression', 'metric': 'mae', 'boosting_type': 'gbdt', 'num_leaves': 82, 'learning_rate': 0.06727136918965781, 'feature_fraction': 0.9376832811754544, 'bagging_fraction': 0.681594452096784, 'min_child_samples': 23, 'reg_alpha': 1.4052226982528349, 'reg_lambda': 0.016150289833648242}
2024-12-08 03:34:18,024 - ModelTrainer - DEBUG - LightGBM trial 83: score=181.9840, time=142.10s, params={'objective': 'regression', 'metric': 'mae', 'boosting_type': 'gbdt', 'num_leaves': 60, 'learning_rate': 0.062129582992240195, 'feature_fraction': 0.9400368975141603, 'bagging_fraction': 0.684501978618336, 'min_child_samples': 35, 'reg_alpha': 0.10244199820245983, 'reg_lambda': 0.016422227189051567}
2024-12-08 03:34:26,723 - ModelTrainer - DEBUG - LightGBM trial 82: score=181.0354, time=175.44s, params={'objective': 'regression', 'metric': 'mae', 'boosting_type': 'gbdt', 'num_leaves': 82, 'learning_rate': 0.07360777368708893, 'feature_fraction': 0.9426020825480295, 'bagging_fraction': 0.683372910557417, 'min_child_samples': 36, 'reg_alpha': 0.986697022217376, 'reg_lambda': 0.03563803650801583}
2024-12-08 03:34:49,152 - ModelTrainer - DEBUG - LightGBM trial 84: score=182.1878, time=160.31s, params={'objective': 'regression', 'metric': 'mae', 'boosting_type': 'gbdt', 'num_leaves': 71, 'learning_rate': 0.061214406405328124, 'feature_fraction': 0.9456696859152728, 'bagging_fraction': 0.646656910443173, 'min_child_samples': 22, 'reg_alpha': 1.4351263282286086e-08, 'reg_lambda': 0.018710809054452816}
2024-12-08 03:35:49,440 - ModelTrainer - DEBUG - LightGBM trial 85: score=181.9374, time=176.00s, params={'objective': 'regression', 'metric': 'mae', 'boosting_type': 'gbdt', 'num_leaves': 81, 'learning_rate': 0.07459177797738764, 'feature_fraction': 0.9358825019146934, 'bagging_fraction': 0.7477082031302605, 'min_child_samples': 21, 'reg_alpha': 0.0006070660250255291, 'reg_lambda': 0.02748165679250752}
2024-12-08 03:36:02,997 - ModelTrainer - DEBUG - LightGBM trial 86: score=181.0791, time=160.16s, params={'objective': 'regression', 'metric': 'mae', 'boosting_type': 'gbdt', 'num_leaves': 70, 'learning_rate': 0.07336651096725748, 'feature_fraction': 0.9433273475713018, 'bagging_fraction': 0.7448270669683945, 'min_child_samples': 22, 'reg_alpha': 0.0011047836575875899, 'reg_lambda': 0.018840282367145866}
2024-12-08 03:36:04,753 - ModelTrainer - DEBUG - LightGBM trial 91: score=181.5299, time=140.91s, params={'objective': 'regression', 'metric': 'mae', 'boosting_type': 'gbdt', 'num_leaves': 59, 'learning_rate': 0.07218551030691162, 'feature_fraction': 0.9192380530575094, 'bagging_fraction': 0.6425362618434216, 'min_child_samples': 20, 'reg_alpha': 0.09630311580368364, 'reg_lambda': 2.669188081194513}
2024-12-08 03:36:07,805 - ModelTrainer - DEBUG - LightGBM trial 90: score=182.4692, time=146.32s, params={'objective': 'regression', 'metric': 'mae', 'boosting_type': 'gbdt', 'num_leaves': 60, 'learning_rate': 0.07413231410024311, 'feature_fraction': 0.9250890602744021, 'bagging_fraction': 0.6492903308560105, 'min_child_samples': 21, 'reg_alpha': 0.10935791203055825, 'reg_lambda': 2.6756676207976926}
2024-12-08 03:36:09,887 - ModelTrainer - DEBUG - LightGBM trial 93: score=181.1430, time=141.84s, params={'objective': 'regression', 'metric': 'mae', 'boosting_type': 'gbdt', 'num_leaves': 59, 'learning_rate': 0.07366925772881919, 'feature_fraction': 0.9202346115799446, 'bagging_fraction': 0.7431092477302829, 'min_child_samples': 21, 'reg_alpha': 0.11237860886512718, 'reg_lambda': 4.285157857754403e-05}
2024-12-08 03:36:10,481 - ModelTrainer - DEBUG - LightGBM trial 92: score=181.7025, time=145.31s, params={'objective': 'regression', 'metric': 'mae', 'boosting_type': 'gbdt', 'num_leaves': 62, 'learning_rate': 0.07338827301656095, 'feature_fraction': 0.9081720579851883, 'bagging_fraction': 0.6523498490323558, 'min_child_samples': 20, 'reg_alpha': 0.11734400009858, 'reg_lambda': 0.0002460069472708438}
2024-12-08 03:36:12,609 - ModelTrainer - DEBUG - LightGBM trial 87: score=181.0632, time=169.10s, params={'objective': 'regression', 'metric': 'mae', 'boosting_type': 'gbdt', 'num_leaves': 79, 'learning_rate': 0.0737211656423338, 'feature_fraction': 0.930555799615625, 'bagging_fraction': 0.7456168312626655, 'min_child_samples': 21, 'reg_alpha': 4.955981041370698e-05, 'reg_lambda': 0.021065804237137678}
2024-12-08 03:36:15,299 - ModelTrainer - DEBUG - LightGBM trial 88: score=180.7028, time=168.57s, params={'objective': 'regression', 'metric': 'mae', 'boosting_type': 'gbdt', 'num_leaves': 83, 'learning_rate': 0.07190021864247939, 'feature_fraction': 0.9392814014118887, 'bagging_fraction': 0.6454195709829362, 'min_child_samples': 21, 'reg_alpha': 0.10695928263483657, 'reg_lambda': 0.01613673489669087}
2024-12-08 03:36:15,410 - ModelTrainer - DEBUG - LightGBM trial 94: score=181.5548, time=138.73s, params={'objective': 'regression', 'metric': 'mae', 'boosting_type': 'gbdt', 'num_leaves': 59, 'learning_rate': 0.07321318644202646, 'feature_fraction': 0.9182195023647024, 'bagging_fraction': 0.7491457417696786, 'min_child_samples': 21, 'reg_alpha': 0.0949997258423342, 'reg_lambda': 0.00020656316765493924}
2024-12-08 03:36:16,526 - ModelTrainer - DEBUG - LightGBM trial 95: score=180.4585, time=134.48s, params={'objective': 'regression', 'metric': 'mae', 'boosting_type': 'gbdt', 'num_leaves': 59, 'learning_rate': 0.08823691576138452, 'feature_fraction': 0.9136349436892133, 'bagging_fraction': 0.6443608809548392, 'min_child_samples': 26, 'reg_alpha': 0.11566653409629393, 'reg_lambda': 4.6462519893573094e-05}
2024-12-08 03:36:16,758 - ModelTrainer - DEBUG - LightGBM trial 89: score=180.9177, time=161.32s, params={'objective': 'regression', 'metric': 'mae', 'boosting_type': 'gbdt', 'num_leaves': 84, 'learning_rate': 0.08693817175373512, 'feature_fraction': 0.9236265346840257, 'bagging_fraction': 0.6437814251644903, 'min_child_samples': 20, 'reg_alpha': 0.1396077383549236, 'reg_lambda': 3.039038416589591e-05}
2024-12-08 03:36:18,348 - ModelTrainer - DEBUG - LightGBM trial 96: score=179.4426, time=128.80s, params={'objective': 'regression', 'metric': 'mae', 'boosting_type': 'gbdt', 'num_leaves': 59, 'learning_rate': 0.08829465418270997, 'feature_fraction': 0.9808740171093896, 'bagging_fraction': 0.6482734106149053, 'min_child_samples': 26, 'reg_alpha': 0.0011421917663611977, 'reg_lambda': 0.5623946286877596}
2024-12-08 03:36:22,430 - ModelTrainer - DEBUG - LightGBM trial 97: score=179.4350, time=124.32s, params={'objective': 'regression', 'metric': 'mae', 'boosting_type': 'gbdt', 'num_leaves': 71, 'learning_rate': 0.0877219914115509, 'feature_fraction': 0.9823008891479447, 'bagging_fraction': 0.6459697307319163, 'min_child_samples': 26, 'reg_alpha': 0.001292614595287149, 'reg_lambda': 3.0646758517141417}
2024-12-08 03:36:24,859 - ModelTrainer - DEBUG - LightGBM trial 98: score=187.6958, time=118.03s, params={'objective': 'regression', 'metric': 'mae', 'boosting_type': 'gbdt', 'num_leaves': 68, 'learning_rate': 0.029583292217727198, 'feature_fraction': 0.9824282654073277, 'bagging_fraction': 0.752153173665975, 'min_child_samples': 20, 'reg_alpha': 0.0008507174389229055, 'reg_lambda': 0.0001236789020249309}
2024-12-08 03:36:26,631 - ModelTrainer - DEBUG - LightGBM trial 99: score=181.5752, time=97.16s, params={'objective': 'regression', 'metric': 'mae', 'boosting_type': 'gbdt', 'num_leaves': 72, 'learning_rate': 0.08936677402636266, 'feature_fraction': 0.9204258556993916, 'bagging_fraction': 0.7122534266381899, 'min_child_samples': 26, 'reg_alpha': 0.0011249777296219942, 'reg_lambda': 0.00015123324217575386}
2024-12-08 03:36:26,762 - ModelTrainer - INFO - Best lightgbm trial:
2024-12-08 03:36:26,762 - ModelTrainer - INFO -   Value: 179.0248
2024-12-08 03:36:26,763 - ModelTrainer - INFO -   Params: {'num_leaves': 68, 'learning_rate': 0.08428598147191037, 'feature_fraction': 0.9669612801420117, 'bagging_fraction': 0.7032092348180058, 'min_child_samples': 29, 'reg_alpha': 1.6097522989379718, 'reg_lambda': 0.9261782263542191}
2024-12-08 03:36:26,815 - ModelTrainer - INFO - Training final lightgbm model with MAPIE...
2024-12-08 03:36:26,856 - ModelTrainer - ERROR - Error in lightgbm training: LGBMRegressor.fit() got an unexpected keyword argument 'verbose'
2024-12-08 03:36:26,857 - ModelTrainer - ERROR - Traceback (most recent call last):
  File "C:\Users\prite\Desktop\mlops-timeseries\mlops_timeseries\models\trainer.py", line 333, in train_model_with_mapie
    model.fit(
TypeError: LGBMRegressor.fit() got an unexpected keyword argument 'verbose'

2024-12-08 03:36:26,858 - ModelTrainer - ERROR - Error during lightgbm optimization: LGBMRegressor.fit() got an unexpected keyword argument 'verbose'
2024-12-08 03:36:26,860 - ModelTrainer - ERROR - Traceback (most recent call last):
  File "C:\Users\prite\Desktop\mlops-timeseries\mlops_timeseries\models\trainer.py", line 536, in train_models
    self.train_model_with_mapie(model_type, best_params)
  File "C:\Users\prite\Desktop\mlops-timeseries\mlops_timeseries\models\trainer.py", line 333, in train_model_with_mapie
    model.fit(
TypeError: LGBMRegressor.fit() got an unexpected keyword argument 'verbose'

2024-12-08 03:36:26,860 - ModelTrainer - WARNING - Falling back to default parameters for lightgbm
2024-12-08 03:36:26,908 - ModelTrainer - INFO - Training final lightgbm model with MAPIE...
2024-12-08 03:36:26,947 - ModelTrainer - ERROR - Error in lightgbm training: LGBMRegressor.fit() got an unexpected keyword argument 'verbose'
2024-12-08 03:36:26,948 - ModelTrainer - ERROR - Traceback (most recent call last):
  File "C:\Users\prite\Desktop\mlops-timeseries\mlops_timeseries\models\trainer.py", line 536, in train_models
    self.train_model_with_mapie(model_type, best_params)
  File "C:\Users\prite\Desktop\mlops-timeseries\mlops_timeseries\models\trainer.py", line 333, in train_model_with_mapie
    model.fit(
TypeError: LGBMRegressor.fit() got an unexpected keyword argument 'verbose'

During handling of the above exception, another exception occurred:

Traceback (most recent call last):
  File "C:\Users\prite\Desktop\mlops-timeseries\mlops_timeseries\models\trainer.py", line 333, in train_model_with_mapie
    model.fit(
TypeError: LGBMRegressor.fit() got an unexpected keyword argument 'verbose'

2024-12-08 03:36:26,949 - ModelTrainer - ERROR - Error in model training pipeline
2024-12-08 03:36:26,949 - ModelTrainer - ERROR - Traceback (most recent call last):
  File "C:\Users\prite\Desktop\mlops-timeseries\mlops_timeseries\models\trainer.py", line 536, in train_models
    self.train_model_with_mapie(model_type, best_params)
  File "C:\Users\prite\Desktop\mlops-timeseries\mlops_timeseries\models\trainer.py", line 333, in train_model_with_mapie
    model.fit(
TypeError: LGBMRegressor.fit() got an unexpected keyword argument 'verbose'

During handling of the above exception, another exception occurred:

Traceback (most recent call last):
  File "C:\Users\prite\Desktop\mlops-timeseries\mlops_timeseries\models\trainer.py", line 560, in train_models
    self.train_model_with_mapie(model_type, default_params[model_type].copy())
  File "C:\Users\prite\Desktop\mlops-timeseries\mlops_timeseries\models\trainer.py", line 333, in train_model_with_mapie
    model.fit(
TypeError: LGBMRegressor.fit() got an unexpected keyword argument 'verbose'

